CRITICAL - 2020-12-16 05:44:48 --> Undefined variable: tittle
#0 C:\xampp\htdocs\TugasBesar\app\Views\layout\header.php(11): CodeIgniter\Debug\Exceptions->errorHandler(8, 'Undefined varia...', 'C:\\xampp\\htdocs...', 11, Array)
#1 C:\xampp\htdocs\TugasBesar\system\View\View.php(246): include('C:\\xampp\\htdocs...')
#2 C:\xampp\htdocs\TugasBesar\system\Common.php(1119): CodeIgniter\View\View->render('layout/header', Array, true)
#3 C:\xampp\htdocs\TugasBesar\app\Controllers\Pages.php(17): view('layout/header')
#4 C:\xampp\htdocs\TugasBesar\system\CodeIgniter.php(918): App\Controllers\Pages->about()
#5 C:\xampp\htdocs\TugasBesar\system\CodeIgniter.php(404): CodeIgniter\CodeIgniter->runController(Object(App\Controllers\Pages))
#6 C:\xampp\htdocs\TugasBesar\system\CodeIgniter.php(312): CodeIgniter\CodeIgniter->handleRequest(NULL, Object(Config\Cache), false)
#7 C:\xampp\htdocs\TugasBesar\public\index.php(45): CodeIgniter\CodeIgniter->run()
#8 C:\xampp\htdocs\TugasBesar\system\Commands\Server\rewrite.php(34): require_once('C:\\xampp\\htdocs...')
#9 {main}
CRITICAL - 2020-12-16 06:09:10 --> Call to undefined method CodeIgniter\View\View::extends()
#0 C:\xampp\htdocs\TugasBesar\system\View\View.php(246): include()
#1 C:\xampp\htdocs\TugasBesar\system\Common.php(1119): CodeIgniter\View\View->render('pages/home', Array, true)
#2 C:\xampp\htdocs\TugasBesar\app\Controllers\Pages.php(11): view('pages/home')
#3 C:\xampp\htdocs\TugasBesar\system\CodeIgniter.php(918): App\Controllers\Pages->index()
#4 C:\xampp\htdocs\TugasBesar\system\CodeIgniter.php(404): CodeIgniter\CodeIgniter->runController(Object(App\Controllers\Pages))
#5 C:\xampp\htdocs\TugasBesar\system\CodeIgniter.php(312): CodeIgniter\CodeIgniter->handleRequest(NULL, Object(Config\Cache), false)
#6 C:\xampp\htdocs\TugasBesar\public\index.php(45): CodeIgniter\CodeIgniter->run()
#7 C:\xampp\htdocs\TugasBesar\system\Commands\Server\rewrite.php(34): require_once('C:\\xampp\\htdocs...')
#8 {main}
CRITICAL - 2020-12-16 06:21:06 --> Invalid file: pages/contact.php
#0 C:\xampp\htdocs\TugasBesar\system\View\View.php(228): CodeIgniter\Exceptions\FrameworkException::forInvalidFile('pages/contact.p...')
#1 C:\xampp\htdocs\TugasBesar\system\Common.php(1119): CodeIgniter\View\View->render('pages/contact', Array, true)
#2 C:\xampp\htdocs\TugasBesar\app\Controllers\Pages.php(26): view('pages/contact')
#3 C:\xampp\htdocs\TugasBesar\system\CodeIgniter.php(918): App\Controllers\Pages->contact()
#4 C:\xampp\htdocs\TugasBesar\system\CodeIgniter.php(404): CodeIgniter\CodeIgniter->runController(Object(App\Controllers\Pages))
#5 C:\xampp\htdocs\TugasBesar\system\CodeIgniter.php(312): CodeIgniter\CodeIgniter->handleRequest(NULL, Object(Config\Cache), false)
#6 C:\xampp\htdocs\TugasBesar\public\index.php(45): CodeIgniter\CodeIgniter->run()
#7 C:\xampp\htdocs\TugasBesar\system\Commands\Server\rewrite.php(34): require_once('C:\\xampp\\htdocs...')
#8 {main}
CRITICAL - 2020-12-16 06:39:38 --> syntax error, unexpected ''alamat'' (T_CONSTANT_ENCAPSED_STRING), expecting ']'
#0 C:\xampp\htdocs\TugasBesar\system\Router\Router.php(195): CodeIgniter\Router\Router->autoRoute('pages/contact')
#1 C:\xampp\htdocs\TugasBesar\system\CodeIgniter.php(793): CodeIgniter\Router\Router->handle('pages/contact')
#2 C:\xampp\htdocs\TugasBesar\system\CodeIgniter.php(364): CodeIgniter\CodeIgniter->tryToRouteIt(Object(CodeIgniter\Router\RouteCollection))
#3 C:\xampp\htdocs\TugasBesar\system\CodeIgniter.php(312): CodeIgniter\CodeIgniter->handleRequest(NULL, Object(Config\Cache), false)
#4 C:\xampp\htdocs\TugasBesar\public\index.php(45): CodeIgniter\CodeIgniter->run()
#5 C:\xampp\htdocs\TugasBesar\system\Commands\Server\rewrite.php(34): require_once('C:\\xampp\\htdocs...')
#6 {main}
CRITICAL - 2020-12-16 06:40:34 --> syntax error, unexpected ''alamat'' (T_CONSTANT_ENCAPSED_STRING), expecting ']'
#0 C:\xampp\htdocs\TugasBesar\system\Router\Router.php(195): CodeIgniter\Router\Router->autoRoute('pages/contact')
#1 C:\xampp\htdocs\TugasBesar\system\CodeIgniter.php(793): CodeIgniter\Router\Router->handle('pages/contact')
#2 C:\xampp\htdocs\TugasBesar\system\CodeIgniter.php(364): CodeIgniter\CodeIgniter->tryToRouteIt(Object(CodeIgniter\Router\RouteCollection))
#3 C:\xampp\htdocs\TugasBesar\system\CodeIgniter.php(312): CodeIgniter\CodeIgniter->handleRequest(NULL, Object(Config\Cache), false)
#4 C:\xampp\htdocs\TugasBesar\public\index.php(45): CodeIgniter\CodeIgniter->run()
#5 C:\xampp\htdocs\TugasBesar\system\Commands\Server\rewrite.php(34): require_once('C:\\xampp\\htdocs...')
#6 {main}
