CRITICAL - 2020-12-28 00:55:57 --> Invalid file: /admin.php
#0 C:\xampp\htdocs\TugasBesar\system\View\View.php(228): CodeIgniter\Exceptions\FrameworkException::forInvalidFile('/admin.php')
#1 C:\xampp\htdocs\TugasBesar\system\Common.php(1119): CodeIgniter\View\View->render('/admin', Array, true)
#2 C:\xampp\htdocs\TugasBesar\app\Controllers\Admin.php(11): view('/admin')
#3 C:\xampp\htdocs\TugasBesar\system\CodeIgniter.php(918): App\Controllers\Admin->index()
#4 C:\xampp\htdocs\TugasBesar\system\CodeIgniter.php(404): CodeIgniter\CodeIgniter->runController(Object(App\Controllers\Admin))
#5 C:\xampp\htdocs\TugasBesar\system\CodeIgniter.php(312): CodeIgniter\CodeIgniter->handleRequest(NULL, Object(Config\Cache), false)
#6 C:\xampp\htdocs\TugasBesar\public\index.php(45): CodeIgniter\CodeIgniter->run()
#7 C:\xampp\htdocs\TugasBesar\system\Commands\Server\rewrite.php(34): require_once('C:\\xampp\\htdocs...')
#8 {main}
CRITICAL - 2020-12-28 01:13:26 --> Invalid file: /admin.php
#0 C:\xampp\htdocs\TugasBesar\system\View\View.php(228): CodeIgniter\Exceptions\FrameworkException::forInvalidFile('/admin.php')
#1 C:\xampp\htdocs\TugasBesar\system\Common.php(1119): CodeIgniter\View\View->render('/admin', Array, true)
#2 C:\xampp\htdocs\TugasBesar\app\Controllers\Admin.php(11): view('/admin')
#3 C:\xampp\htdocs\TugasBesar\system\CodeIgniter.php(918): App\Controllers\Admin->index()
#4 C:\xampp\htdocs\TugasBesar\system\CodeIgniter.php(404): CodeIgniter\CodeIgniter->runController(Object(App\Controllers\Admin))
#5 C:\xampp\htdocs\TugasBesar\system\CodeIgniter.php(312): CodeIgniter\CodeIgniter->handleRequest(NULL, Object(Config\Cache), false)
#6 C:\xampp\htdocs\TugasBesar\public\index.php(45): CodeIgniter\CodeIgniter->run()
#7 C:\xampp\htdocs\TugasBesar\system\Commands\Server\rewrite.php(34): require_once('C:\\xampp\\htdocs...')
#8 {main}
CRITICAL - 2020-12-28 01:15:00 --> Invalid file: /admin.php
#0 C:\xampp\htdocs\TugasBesar\system\View\View.php(228): CodeIgniter\Exceptions\FrameworkException::forInvalidFile('/admin.php')
#1 C:\xampp\htdocs\TugasBesar\system\Common.php(1119): CodeIgniter\View\View->render('/admin', Array, true)
#2 C:\xampp\htdocs\TugasBesar\app\Controllers\Admin.php(11): view('/admin')
#3 C:\xampp\htdocs\TugasBesar\system\CodeIgniter.php(918): App\Controllers\Admin->index()
#4 C:\xampp\htdocs\TugasBesar\system\CodeIgniter.php(404): CodeIgniter\CodeIgniter->runController(Object(App\Controllers\Admin))
#5 C:\xampp\htdocs\TugasBesar\system\CodeIgniter.php(312): CodeIgniter\CodeIgniter->handleRequest(NULL, Object(Config\Cache), false)
#6 C:\xampp\htdocs\TugasBesar\public\index.php(45): CodeIgniter\CodeIgniter->run()
#7 C:\xampp\htdocs\TugasBesar\system\Commands\Server\rewrite.php(34): require_once('C:\\xampp\\htdocs...')
#8 {main}
CRITICAL - 2020-12-28 02:08:08 --> Declaration of Myth\Auth\Filters\LoginFilter::before(CodeIgniter\HTTP\RequestInterface $request) must be compatible with CodeIgniter\Filters\FilterInterface::before(CodeIgniter\HTTP\RequestInterface $request, $arguments = NULL)
#0 [internal function]: CodeIgniter\Debug\Exceptions->shutdownHandler()
#1 {main}
CRITICAL - 2020-12-28 02:45:05 --> Use of undefined constant looged_in - assumed 'looged_in' (this will throw an Error in a future version of PHP)
#0 C:\xampp\htdocs\TugasBesar\app\Views\layout\navbar.php(14): CodeIgniter\Debug\Exceptions->errorHandler(2, 'Use of undefine...', 'C:\\xampp\\htdocs...', 14, Array)
#1 C:\xampp\htdocs\TugasBesar\system\View\View.php(246): include('C:\\xampp\\htdocs...')
#2 C:\xampp\htdocs\TugasBesar\system\View\View.php(525): CodeIgniter\View\View->render('layout/navbar', NULL, true)
#3 C:\xampp\htdocs\TugasBesar\app\Views\layout\template.php(18): CodeIgniter\View\View->include('layout/navbar')
#4 C:\xampp\htdocs\TugasBesar\system\View\View.php(246): include('C:\\xampp\\htdocs...')
#5 C:\xampp\htdocs\TugasBesar\system\View\View.php(257): CodeIgniter\View\View->render('layout/template', Array, true)
#6 C:\xampp\htdocs\TugasBesar\system\Common.php(1119): CodeIgniter\View\View->render('pages/home', Array, true)
#7 C:\xampp\htdocs\TugasBesar\app\Controllers\Pages.php(10): view('pages/home', Array)
#8 C:\xampp\htdocs\TugasBesar\system\CodeIgniter.php(918): App\Controllers\Pages->index()
#9 C:\xampp\htdocs\TugasBesar\system\CodeIgniter.php(404): CodeIgniter\CodeIgniter->runController(Object(App\Controllers\Pages))
#10 C:\xampp\htdocs\TugasBesar\system\CodeIgniter.php(312): CodeIgniter\CodeIgniter->handleRequest(NULL, Object(Config\Cache), false)
#11 C:\xampp\htdocs\TugasBesar\public\index.php(45): CodeIgniter\CodeIgniter->run()
#12 C:\xampp\htdocs\TugasBesar\system\Commands\Server\rewrite.php(34): require_once('C:\\xampp\\htdocs...')
#13 {main}
CRITICAL - 2020-12-28 02:46:21 --> Use of undefined constant looged_in - assumed 'looged_in' (this will throw an Error in a future version of PHP)
#0 C:\xampp\htdocs\TugasBesar\app\Views\layout\navbar.php(14): CodeIgniter\Debug\Exceptions->errorHandler(2, 'Use of undefine...', 'C:\\xampp\\htdocs...', 14, Array)
#1 C:\xampp\htdocs\TugasBesar\system\View\View.php(246): include('C:\\xampp\\htdocs...')
#2 C:\xampp\htdocs\TugasBesar\system\View\View.php(525): CodeIgniter\View\View->render('layout/navbar', NULL, true)
#3 C:\xampp\htdocs\TugasBesar\app\Views\layout\template.php(18): CodeIgniter\View\View->include('layout/navbar')
#4 C:\xampp\htdocs\TugasBesar\system\View\View.php(246): include('C:\\xampp\\htdocs...')
#5 C:\xampp\htdocs\TugasBesar\system\View\View.php(257): CodeIgniter\View\View->render('layout/template', Array, true)
#6 C:\xampp\htdocs\TugasBesar\system\Common.php(1119): CodeIgniter\View\View->render('pages/home', Array, true)
#7 C:\xampp\htdocs\TugasBesar\app\Controllers\Pages.php(10): view('pages/home', Array)
#8 C:\xampp\htdocs\TugasBesar\system\CodeIgniter.php(918): App\Controllers\Pages->index()
#9 C:\xampp\htdocs\TugasBesar\system\CodeIgniter.php(404): CodeIgniter\CodeIgniter->runController(Object(App\Controllers\Pages))
#10 C:\xampp\htdocs\TugasBesar\system\CodeIgniter.php(312): CodeIgniter\CodeIgniter->handleRequest(NULL, Object(Config\Cache), false)
#11 C:\xampp\htdocs\TugasBesar\public\index.php(45): CodeIgniter\CodeIgniter->run()
#12 C:\xampp\htdocs\TugasBesar\system\Commands\Server\rewrite.php(34): require_once('C:\\xampp\\htdocs...')
#13 {main}
CRITICAL - 2020-12-28 02:47:20 --> Call to undefined function looged_in()
#0 C:\xampp\htdocs\TugasBesar\system\View\View.php(246): include()
#1 C:\xampp\htdocs\TugasBesar\system\View\View.php(525): CodeIgniter\View\View->render('layout/navbar', NULL, true)
#2 C:\xampp\htdocs\TugasBesar\app\Views\layout\template.php(18): CodeIgniter\View\View->include('layout/navbar')
#3 C:\xampp\htdocs\TugasBesar\system\View\View.php(246): include('C:\\xampp\\htdocs...')
#4 C:\xampp\htdocs\TugasBesar\system\View\View.php(257): CodeIgniter\View\View->render('layout/template', Array, true)
#5 C:\xampp\htdocs\TugasBesar\system\Common.php(1119): CodeIgniter\View\View->render('pages/home', Array, true)
#6 C:\xampp\htdocs\TugasBesar\app\Controllers\Pages.php(10): view('pages/home', Array)
#7 C:\xampp\htdocs\TugasBesar\system\CodeIgniter.php(918): App\Controllers\Pages->index()
#8 C:\xampp\htdocs\TugasBesar\system\CodeIgniter.php(404): CodeIgniter\CodeIgniter->runController(Object(App\Controllers\Pages))
#9 C:\xampp\htdocs\TugasBesar\system\CodeIgniter.php(312): CodeIgniter\CodeIgniter->handleRequest(NULL, Object(Config\Cache), false)
#10 C:\xampp\htdocs\TugasBesar\public\index.php(45): CodeIgniter\CodeIgniter->run()
#11 C:\xampp\htdocs\TugasBesar\system\Commands\Server\rewrite.php(34): require_once('C:\\xampp\\htdocs...')
#12 {main}
CRITICAL - 2020-12-28 03:27:54 --> Invalid file: /admin.php
#0 C:\xampp\htdocs\TugasBesar\system\View\View.php(228): CodeIgniter\Exceptions\FrameworkException::forInvalidFile('/admin.php')
#1 C:\xampp\htdocs\TugasBesar\system\Common.php(1119): CodeIgniter\View\View->render('/admin', Array, true)
#2 C:\xampp\htdocs\TugasBesar\app\Controllers\Admin.php(11): view('/admin')
#3 C:\xampp\htdocs\TugasBesar\system\CodeIgniter.php(918): App\Controllers\Admin->index()
#4 C:\xampp\htdocs\TugasBesar\system\CodeIgniter.php(404): CodeIgniter\CodeIgniter->runController(Object(App\Controllers\Admin))
#5 C:\xampp\htdocs\TugasBesar\system\CodeIgniter.php(312): CodeIgniter\CodeIgniter->handleRequest(NULL, Object(Config\Cache), false)
#6 C:\xampp\htdocs\TugasBesar\public\index.php(45): CodeIgniter\CodeIgniter->run()
#7 C:\xampp\htdocs\TugasBesar\system\Commands\Server\rewrite.php(34): require_once('C:\\xampp\\htdocs...')
#8 {main}
CRITICAL - 2020-12-28 07:22:16 --> Undefined variable: data
#0 C:\xampp\htdocs\TugasBesar\app\Views\note20.php(349): CodeIgniter\Debug\Exceptions->errorHandler(8, 'Undefined varia...', 'C:\\xampp\\htdocs...', 349, Array)
#1 C:\xampp\htdocs\TugasBesar\system\View\View.php(246): include('C:\\xampp\\htdocs...')
#2 C:\xampp\htdocs\TugasBesar\system\Common.php(1119): CodeIgniter\View\View->render('/note20', Array, true)
#3 C:\xampp\htdocs\TugasBesar\app\Controllers\Note20.php(11): view('/note20')
#4 C:\xampp\htdocs\TugasBesar\system\CodeIgniter.php(918): App\Controllers\Note20->index()
#5 C:\xampp\htdocs\TugasBesar\system\CodeIgniter.php(404): CodeIgniter\CodeIgniter->runController(Object(App\Controllers\Note20))
#6 C:\xampp\htdocs\TugasBesar\system\CodeIgniter.php(312): CodeIgniter\CodeIgniter->handleRequest(NULL, Object(Config\Cache), false)
#7 C:\xampp\htdocs\TugasBesar\public\index.php(45): CodeIgniter\CodeIgniter->run()
#8 C:\xampp\htdocs\TugasBesar\system\Commands\Server\rewrite.php(34): require_once('C:\\xampp\\htdocs...')
#9 {main}
CRITICAL - 2020-12-28 07:22:42 --> Undefined variable: data
#0 C:\xampp\htdocs\TugasBesar\app\Views\note20.php(349): CodeIgniter\Debug\Exceptions->errorHandler(8, 'Undefined varia...', 'C:\\xampp\\htdocs...', 349, Array)
#1 C:\xampp\htdocs\TugasBesar\system\View\View.php(246): include('C:\\xampp\\htdocs...')
#2 C:\xampp\htdocs\TugasBesar\system\Common.php(1119): CodeIgniter\View\View->render('/note20', Array, true)
#3 C:\xampp\htdocs\TugasBesar\app\Controllers\Note20.php(11): view('/note20')
#4 C:\xampp\htdocs\TugasBesar\system\CodeIgniter.php(918): App\Controllers\Note20->index()
#5 C:\xampp\htdocs\TugasBesar\system\CodeIgniter.php(404): CodeIgniter\CodeIgniter->runController(Object(App\Controllers\Note20))
#6 C:\xampp\htdocs\TugasBesar\system\CodeIgniter.php(312): CodeIgniter\CodeIgniter->handleRequest(NULL, Object(Config\Cache), false)
#7 C:\xampp\htdocs\TugasBesar\public\index.php(45): CodeIgniter\CodeIgniter->run()
#8 C:\xampp\htdocs\TugasBesar\system\Commands\Server\rewrite.php(34): require_once('C:\\xampp\\htdocs...')
#9 {main}
CRITICAL - 2020-12-28 07:23:10 --> Undefined variable: data
#0 C:\xampp\htdocs\TugasBesar\app\Views\note20.php(349): CodeIgniter\Debug\Exceptions->errorHandler(8, 'Undefined varia...', 'C:\\xampp\\htdocs...', 349, Array)
#1 C:\xampp\htdocs\TugasBesar\system\View\View.php(246): include('C:\\xampp\\htdocs...')
#2 C:\xampp\htdocs\TugasBesar\system\Common.php(1119): CodeIgniter\View\View->render('/note20', Array, true)
#3 C:\xampp\htdocs\TugasBesar\app\Controllers\Note20.php(11): view('/note20')
#4 C:\xampp\htdocs\TugasBesar\system\CodeIgniter.php(918): App\Controllers\Note20->index()
#5 C:\xampp\htdocs\TugasBesar\system\CodeIgniter.php(404): CodeIgniter\CodeIgniter->runController(Object(App\Controllers\Note20))
#6 C:\xampp\htdocs\TugasBesar\system\CodeIgniter.php(312): CodeIgniter\CodeIgniter->handleRequest(NULL, Object(Config\Cache), false)
#7 C:\xampp\htdocs\TugasBesar\public\index.php(45): CodeIgniter\CodeIgniter->run()
#8 C:\xampp\htdocs\TugasBesar\system\Commands\Server\rewrite.php(34): require_once('C:\\xampp\\htdocs...')
#9 {main}
CRITICAL - 2020-12-28 07:23:18 --> Undefined variable: data
#0 C:\xampp\htdocs\TugasBesar\app\Views\s20.php(343): CodeIgniter\Debug\Exceptions->errorHandler(8, 'Undefined varia...', 'C:\\xampp\\htdocs...', 343, Array)
#1 C:\xampp\htdocs\TugasBesar\system\View\View.php(246): include('C:\\xampp\\htdocs...')
#2 C:\xampp\htdocs\TugasBesar\system\Common.php(1119): CodeIgniter\View\View->render('/s20', Array, true)
#3 C:\xampp\htdocs\TugasBesar\app\Controllers\S20.php(11): view('/s20')
#4 C:\xampp\htdocs\TugasBesar\system\CodeIgniter.php(918): App\Controllers\S20->index()
#5 C:\xampp\htdocs\TugasBesar\system\CodeIgniter.php(404): CodeIgniter\CodeIgniter->runController(Object(App\Controllers\S20))
#6 C:\xampp\htdocs\TugasBesar\system\CodeIgniter.php(312): CodeIgniter\CodeIgniter->handleRequest(NULL, Object(Config\Cache), false)
#7 C:\xampp\htdocs\TugasBesar\public\index.php(45): CodeIgniter\CodeIgniter->run()
#8 C:\xampp\htdocs\TugasBesar\system\Commands\Server\rewrite.php(34): require_once('C:\\xampp\\htdocs...')
#9 {main}
CRITICAL - 2020-12-28 19:45:41 --> Undefined variable: data
#0 C:\xampp\htdocs\TugasBesar\app\Views\pages\about.php(38): CodeIgniter\Debug\Exceptions->errorHandler(8, 'Undefined varia...', 'C:\\xampp\\htdocs...', 38, Array)
#1 C:\xampp\htdocs\TugasBesar\system\View\View.php(246): include('C:\\xampp\\htdocs...')
#2 C:\xampp\htdocs\TugasBesar\system\Common.php(1119): CodeIgniter\View\View->render('pages/about', Array, true)
#3 C:\xampp\htdocs\TugasBesar\app\Controllers\Pages.php(18): view('pages/about', Array)
#4 C:\xampp\htdocs\TugasBesar\system\CodeIgniter.php(918): App\Controllers\Pages->about()
#5 C:\xampp\htdocs\TugasBesar\system\CodeIgniter.php(404): CodeIgniter\CodeIgniter->runController(Object(App\Controllers\Pages))
#6 C:\xampp\htdocs\TugasBesar\system\CodeIgniter.php(312): CodeIgniter\CodeIgniter->handleRequest(NULL, Object(Config\Cache), false)
#7 C:\xampp\htdocs\TugasBesar\public\index.php(45): CodeIgniter\CodeIgniter->run()
#8 C:\xampp\htdocs\TugasBesar\system\Commands\Server\rewrite.php(34): require_once('C:\\xampp\\htdocs...')
#9 {main}
CRITICAL - 2020-12-28 19:49:08 --> Undefined variable: data
#0 C:\xampp\htdocs\TugasBesar\app\Views\handphone\index.php(54): CodeIgniter\Debug\Exceptions->errorHandler(8, 'Undefined varia...', 'C:\\xampp\\htdocs...', 54, Array)
#1 C:\xampp\htdocs\TugasBesar\system\View\View.php(246): include('C:\\xampp\\htdocs...')
#2 C:\xampp\htdocs\TugasBesar\system\Common.php(1119): CodeIgniter\View\View->render('handphone/index', Array, true)
#3 C:\xampp\htdocs\TugasBesar\app\Controllers\Handphone.php(23): view('handphone/index', Array)
#4 C:\xampp\htdocs\TugasBesar\system\CodeIgniter.php(918): App\Controllers\Handphone->index()
#5 C:\xampp\htdocs\TugasBesar\system\CodeIgniter.php(404): CodeIgniter\CodeIgniter->runController(Object(App\Controllers\Handphone))
#6 C:\xampp\htdocs\TugasBesar\system\CodeIgniter.php(312): CodeIgniter\CodeIgniter->handleRequest(NULL, Object(Config\Cache), false)
#7 C:\xampp\htdocs\TugasBesar\public\index.php(45): CodeIgniter\CodeIgniter->run()
#8 C:\xampp\htdocs\TugasBesar\system\Commands\Server\rewrite.php(34): require_once('C:\\xampp\\htdocs...')
#9 {main}
CRITICAL - 2020-12-28 19:50:52 --> unlink(img/default.png): No such file or directory
#0 [internal function]: CodeIgniter\Debug\Exceptions->errorHandler(2, 'unlink(img/defa...', 'C:\\xampp\\htdocs...', 171, Array)
#1 C:\xampp\htdocs\TugasBesar\app\Controllers\Handphone.php(171): unlink('img/default.png')
#2 C:\xampp\htdocs\TugasBesar\system\CodeIgniter.php(918): App\Controllers\Handphone->update('15')
#3 C:\xampp\htdocs\TugasBesar\system\CodeIgniter.php(404): CodeIgniter\CodeIgniter->runController(Object(App\Controllers\Handphone))
#4 C:\xampp\htdocs\TugasBesar\system\CodeIgniter.php(312): CodeIgniter\CodeIgniter->handleRequest(NULL, Object(Config\Cache), false)
#5 C:\xampp\htdocs\TugasBesar\public\index.php(45): CodeIgniter\CodeIgniter->run()
#6 C:\xampp\htdocs\TugasBesar\system\Commands\Server\rewrite.php(34): require_once('C:\\xampp\\htdocs...')
#7 {main}
CRITICAL - 2020-12-28 19:51:24 --> unlink(img/default.png): No such file or directory
#0 [internal function]: CodeIgniter\Debug\Exceptions->errorHandler(2, 'unlink(img/defa...', 'C:\\xampp\\htdocs...', 171, Array)
#1 C:\xampp\htdocs\TugasBesar\app\Controllers\Handphone.php(171): unlink('img/default.png')
#2 C:\xampp\htdocs\TugasBesar\system\CodeIgniter.php(918): App\Controllers\Handphone->update('15')
#3 C:\xampp\htdocs\TugasBesar\system\CodeIgniter.php(404): CodeIgniter\CodeIgniter->runController(Object(App\Controllers\Handphone))
#4 C:\xampp\htdocs\TugasBesar\system\CodeIgniter.php(312): CodeIgniter\CodeIgniter->handleRequest(NULL, Object(Config\Cache), false)
#5 C:\xampp\htdocs\TugasBesar\public\index.php(45): CodeIgniter\CodeIgniter->run()
#6 C:\xampp\htdocs\TugasBesar\system\Commands\Server\rewrite.php(34): require_once('C:\\xampp\\htdocs...')
#7 {main}
CRITICAL - 2020-12-28 19:53:50 --> unlink(img/default.png): No such file or directory
#0 [internal function]: CodeIgniter\Debug\Exceptions->errorHandler(2, 'unlink(img/defa...', 'C:\\xampp\\htdocs...', 171, Array)
#1 C:\xampp\htdocs\TugasBesar\app\Controllers\Handphone.php(171): unlink('img/default.png')
#2 C:\xampp\htdocs\TugasBesar\system\CodeIgniter.php(918): App\Controllers\Handphone->update('15')
#3 C:\xampp\htdocs\TugasBesar\system\CodeIgniter.php(404): CodeIgniter\CodeIgniter->runController(Object(App\Controllers\Handphone))
#4 C:\xampp\htdocs\TugasBesar\system\CodeIgniter.php(312): CodeIgniter\CodeIgniter->handleRequest(NULL, Object(Config\Cache), false)
#5 C:\xampp\htdocs\TugasBesar\public\index.php(45): CodeIgniter\CodeIgniter->run()
#6 C:\xampp\htdocs\TugasBesar\system\Commands\Server\rewrite.php(34): require_once('C:\\xampp\\htdocs...')
#7 {main}
CRITICAL - 2020-12-28 19:54:02 --> unlink(img/default.png): No such file or directory
#0 [internal function]: CodeIgniter\Debug\Exceptions->errorHandler(2, 'unlink(img/defa...', 'C:\\xampp\\htdocs...', 171, Array)
#1 C:\xampp\htdocs\TugasBesar\app\Controllers\Handphone.php(171): unlink('img/default.png')
#2 C:\xampp\htdocs\TugasBesar\system\CodeIgniter.php(918): App\Controllers\Handphone->update('15')
#3 C:\xampp\htdocs\TugasBesar\system\CodeIgniter.php(404): CodeIgniter\CodeIgniter->runController(Object(App\Controllers\Handphone))
#4 C:\xampp\htdocs\TugasBesar\system\CodeIgniter.php(312): CodeIgniter\CodeIgniter->handleRequest(NULL, Object(Config\Cache), false)
#5 C:\xampp\htdocs\TugasBesar\public\index.php(45): CodeIgniter\CodeIgniter->run()
#6 C:\xampp\htdocs\TugasBesar\system\Commands\Server\rewrite.php(34): require_once('C:\\xampp\\htdocs...')
#7 {main}
CRITICAL - 2020-12-28 21:07:47 --> Undefined variable: data
#0 C:\xampp\htdocs\TugasBesar\app\Views\pages\about.php(39): CodeIgniter\Debug\Exceptions->errorHandler(8, 'Undefined varia...', 'C:\\xampp\\htdocs...', 39, Array)
#1 C:\xampp\htdocs\TugasBesar\system\View\View.php(246): include('C:\\xampp\\htdocs...')
#2 C:\xampp\htdocs\TugasBesar\system\Common.php(1119): CodeIgniter\View\View->render('pages/about', Array, true)
#3 C:\xampp\htdocs\TugasBesar\app\Controllers\Pages.php(18): view('pages/about', Array)
#4 C:\xampp\htdocs\TugasBesar\system\CodeIgniter.php(918): App\Controllers\Pages->about()
#5 C:\xampp\htdocs\TugasBesar\system\CodeIgniter.php(404): CodeIgniter\CodeIgniter->runController(Object(App\Controllers\Pages))
#6 C:\xampp\htdocs\TugasBesar\system\CodeIgniter.php(312): CodeIgniter\CodeIgniter->handleRequest(NULL, Object(Config\Cache), false)
#7 C:\xampp\htdocs\TugasBesar\public\index.php(45): CodeIgniter\CodeIgniter->run()
#8 C:\xampp\htdocs\TugasBesar\system\Commands\Server\rewrite.php(34): require_once('C:\\xampp\\htdocs...')
#9 {main}
