CRITICAL - 2020-12-17 23:53:04 --> Undefined variable: tittle
#0 C:\xampp\htdocs\TugasBesar\app\Views\layout\template.php(11): CodeIgniter\Debug\Exceptions->errorHandler(8, 'Undefined varia...', 'C:\\xampp\\htdocs...', 11, Array)
#1 C:\xampp\htdocs\TugasBesar\system\View\View.php(246): include('C:\\xampp\\htdocs...')
#2 C:\xampp\htdocs\TugasBesar\system\View\View.php(257): CodeIgniter\View\View->render('layout/template', Array, true)
#3 C:\xampp\htdocs\TugasBesar\system\Common.php(1119): CodeIgniter\View\View->render('Handphone/index', Array, true)
#4 C:\xampp\htdocs\TugasBesar\app\Controllers\Handphone.php(10): view('Handphone/index', Array)
#5 C:\xampp\htdocs\TugasBesar\system\CodeIgniter.php(918): App\Controllers\Handphone->index()
#6 C:\xampp\htdocs\TugasBesar\system\CodeIgniter.php(404): CodeIgniter\CodeIgniter->runController(Object(App\Controllers\Handphone))
#7 C:\xampp\htdocs\TugasBesar\system\CodeIgniter.php(312): CodeIgniter\CodeIgniter->handleRequest(NULL, Object(Config\Cache), false)
#8 C:\xampp\htdocs\TugasBesar\public\index.php(45): CodeIgniter\CodeIgniter->run()
#9 C:\xampp\htdocs\TugasBesar\system\Commands\Server\rewrite.php(34): require_once('C:\\xampp\\htdocs...')
#10 {main}
CRITICAL - 2020-12-17 23:53:16 --> Undefined variable: tittle
#0 C:\xampp\htdocs\TugasBesar\app\Views\layout\template.php(11): CodeIgniter\Debug\Exceptions->errorHandler(8, 'Undefined varia...', 'C:\\xampp\\htdocs...', 11, Array)
#1 C:\xampp\htdocs\TugasBesar\system\View\View.php(246): include('C:\\xampp\\htdocs...')
#2 C:\xampp\htdocs\TugasBesar\system\View\View.php(257): CodeIgniter\View\View->render('layout/template', Array, true)
#3 C:\xampp\htdocs\TugasBesar\system\Common.php(1119): CodeIgniter\View\View->render('Handphone/index', Array, true)
#4 C:\xampp\htdocs\TugasBesar\app\Controllers\Handphone.php(10): view('Handphone/index', Array)
#5 C:\xampp\htdocs\TugasBesar\system\CodeIgniter.php(918): App\Controllers\Handphone->index()
#6 C:\xampp\htdocs\TugasBesar\system\CodeIgniter.php(404): CodeIgniter\CodeIgniter->runController(Object(App\Controllers\Handphone))
#7 C:\xampp\htdocs\TugasBesar\system\CodeIgniter.php(312): CodeIgniter\CodeIgniter->handleRequest(NULL, Object(Config\Cache), false)
#8 C:\xampp\htdocs\TugasBesar\public\index.php(45): CodeIgniter\CodeIgniter->run()
#9 C:\xampp\htdocs\TugasBesar\system\Commands\Server\rewrite.php(34): require_once('C:\\xampp\\htdocs...')
#10 {main}
CRITICAL - 2020-12-17 23:53:17 --> Undefined variable: tittle
#0 C:\xampp\htdocs\TugasBesar\app\Views\layout\template.php(11): CodeIgniter\Debug\Exceptions->errorHandler(8, 'Undefined varia...', 'C:\\xampp\\htdocs...', 11, Array)
#1 C:\xampp\htdocs\TugasBesar\system\View\View.php(246): include('C:\\xampp\\htdocs...')
#2 C:\xampp\htdocs\TugasBesar\system\View\View.php(257): CodeIgniter\View\View->render('layout/template', Array, true)
#3 C:\xampp\htdocs\TugasBesar\system\Common.php(1119): CodeIgniter\View\View->render('Handphone/index', Array, true)
#4 C:\xampp\htdocs\TugasBesar\app\Controllers\Handphone.php(10): view('Handphone/index', Array)
#5 C:\xampp\htdocs\TugasBesar\system\CodeIgniter.php(918): App\Controllers\Handphone->index()
#6 C:\xampp\htdocs\TugasBesar\system\CodeIgniter.php(404): CodeIgniter\CodeIgniter->runController(Object(App\Controllers\Handphone))
#7 C:\xampp\htdocs\TugasBesar\system\CodeIgniter.php(312): CodeIgniter\CodeIgniter->handleRequest(NULL, Object(Config\Cache), false)
#8 C:\xampp\htdocs\TugasBesar\public\index.php(45): CodeIgniter\CodeIgniter->run()
#9 C:\xampp\htdocs\TugasBesar\system\Commands\Server\rewrite.php(34): require_once('C:\\xampp\\htdocs...')
#10 {main}
CRITICAL - 2020-12-17 23:53:18 --> Undefined variable: tittle
#0 C:\xampp\htdocs\TugasBesar\app\Views\layout\template.php(11): CodeIgniter\Debug\Exceptions->errorHandler(8, 'Undefined varia...', 'C:\\xampp\\htdocs...', 11, Array)
#1 C:\xampp\htdocs\TugasBesar\system\View\View.php(246): include('C:\\xampp\\htdocs...')
#2 C:\xampp\htdocs\TugasBesar\system\View\View.php(257): CodeIgniter\View\View->render('layout/template', Array, true)
#3 C:\xampp\htdocs\TugasBesar\system\Common.php(1119): CodeIgniter\View\View->render('Handphone/index', Array, true)
#4 C:\xampp\htdocs\TugasBesar\app\Controllers\Handphone.php(10): view('Handphone/index', Array)
#5 C:\xampp\htdocs\TugasBesar\system\CodeIgniter.php(918): App\Controllers\Handphone->index()
#6 C:\xampp\htdocs\TugasBesar\system\CodeIgniter.php(404): CodeIgniter\CodeIgniter->runController(Object(App\Controllers\Handphone))
#7 C:\xampp\htdocs\TugasBesar\system\CodeIgniter.php(312): CodeIgniter\CodeIgniter->handleRequest(NULL, Object(Config\Cache), false)
#8 C:\xampp\htdocs\TugasBesar\public\index.php(45): CodeIgniter\CodeIgniter->run()
#9 C:\xampp\htdocs\TugasBesar\system\Commands\Server\rewrite.php(34): require_once('C:\\xampp\\htdocs...')
#10 {main}
CRITICAL - 2020-12-17 23:53:18 --> Undefined variable: tittle
#0 C:\xampp\htdocs\TugasBesar\app\Views\layout\template.php(11): CodeIgniter\Debug\Exceptions->errorHandler(8, 'Undefined varia...', 'C:\\xampp\\htdocs...', 11, Array)
#1 C:\xampp\htdocs\TugasBesar\system\View\View.php(246): include('C:\\xampp\\htdocs...')
#2 C:\xampp\htdocs\TugasBesar\system\View\View.php(257): CodeIgniter\View\View->render('layout/template', Array, true)
#3 C:\xampp\htdocs\TugasBesar\system\Common.php(1119): CodeIgniter\View\View->render('Handphone/index', Array, true)
#4 C:\xampp\htdocs\TugasBesar\app\Controllers\Handphone.php(10): view('Handphone/index', Array)
#5 C:\xampp\htdocs\TugasBesar\system\CodeIgniter.php(918): App\Controllers\Handphone->index()
#6 C:\xampp\htdocs\TugasBesar\system\CodeIgniter.php(404): CodeIgniter\CodeIgniter->runController(Object(App\Controllers\Handphone))
#7 C:\xampp\htdocs\TugasBesar\system\CodeIgniter.php(312): CodeIgniter\CodeIgniter->handleRequest(NULL, Object(Config\Cache), false)
#8 C:\xampp\htdocs\TugasBesar\public\index.php(45): CodeIgniter\CodeIgniter->run()
#9 C:\xampp\htdocs\TugasBesar\system\Commands\Server\rewrite.php(34): require_once('C:\\xampp\\htdocs...')
#10 {main}
CRITICAL - 2020-12-17 23:54:47 --> Undefined variable: tittle
#0 C:\xampp\htdocs\TugasBesar\app\Views\layout\template.php(11): CodeIgniter\Debug\Exceptions->errorHandler(8, 'Undefined varia...', 'C:\\xampp\\htdocs...', 11, Array)
#1 C:\xampp\htdocs\TugasBesar\system\View\View.php(246): include('C:\\xampp\\htdocs...')
#2 C:\xampp\htdocs\TugasBesar\system\View\View.php(257): CodeIgniter\View\View->render('layout/template', Array, true)
#3 C:\xampp\htdocs\TugasBesar\system\Common.php(1119): CodeIgniter\View\View->render('handphone/index', Array, true)
#4 C:\xampp\htdocs\TugasBesar\app\Controllers\Handphone.php(10): view('handphone/index', Array)
#5 C:\xampp\htdocs\TugasBesar\system\CodeIgniter.php(918): App\Controllers\Handphone->index()
#6 C:\xampp\htdocs\TugasBesar\system\CodeIgniter.php(404): CodeIgniter\CodeIgniter->runController(Object(App\Controllers\Handphone))
#7 C:\xampp\htdocs\TugasBesar\system\CodeIgniter.php(312): CodeIgniter\CodeIgniter->handleRequest(NULL, Object(Config\Cache), false)
#8 C:\xampp\htdocs\TugasBesar\public\index.php(45): CodeIgniter\CodeIgniter->run()
#9 C:\xampp\htdocs\TugasBesar\system\Commands\Server\rewrite.php(34): require_once('C:\\xampp\\htdocs...')
#10 {main}
CRITICAL - 2020-12-17 23:54:48 --> Undefined variable: tittle
#0 C:\xampp\htdocs\TugasBesar\app\Views\layout\template.php(11): CodeIgniter\Debug\Exceptions->errorHandler(8, 'Undefined varia...', 'C:\\xampp\\htdocs...', 11, Array)
#1 C:\xampp\htdocs\TugasBesar\system\View\View.php(246): include('C:\\xampp\\htdocs...')
#2 C:\xampp\htdocs\TugasBesar\system\View\View.php(257): CodeIgniter\View\View->render('layout/template', Array, true)
#3 C:\xampp\htdocs\TugasBesar\system\Common.php(1119): CodeIgniter\View\View->render('handphone/index', Array, true)
#4 C:\xampp\htdocs\TugasBesar\app\Controllers\Handphone.php(10): view('handphone/index', Array)
#5 C:\xampp\htdocs\TugasBesar\system\CodeIgniter.php(918): App\Controllers\Handphone->index()
#6 C:\xampp\htdocs\TugasBesar\system\CodeIgniter.php(404): CodeIgniter\CodeIgniter->runController(Object(App\Controllers\Handphone))
#7 C:\xampp\htdocs\TugasBesar\system\CodeIgniter.php(312): CodeIgniter\CodeIgniter->handleRequest(NULL, Object(Config\Cache), false)
#8 C:\xampp\htdocs\TugasBesar\public\index.php(45): CodeIgniter\CodeIgniter->run()
#9 C:\xampp\htdocs\TugasBesar\system\Commands\Server\rewrite.php(34): require_once('C:\\xampp\\htdocs...')
#10 {main}
CRITICAL - 2020-12-17 23:54:48 --> Undefined variable: tittle
#0 C:\xampp\htdocs\TugasBesar\app\Views\layout\template.php(11): CodeIgniter\Debug\Exceptions->errorHandler(8, 'Undefined varia...', 'C:\\xampp\\htdocs...', 11, Array)
#1 C:\xampp\htdocs\TugasBesar\system\View\View.php(246): include('C:\\xampp\\htdocs...')
#2 C:\xampp\htdocs\TugasBesar\system\View\View.php(257): CodeIgniter\View\View->render('layout/template', Array, true)
#3 C:\xampp\htdocs\TugasBesar\system\Common.php(1119): CodeIgniter\View\View->render('handphone/index', Array, true)
#4 C:\xampp\htdocs\TugasBesar\app\Controllers\Handphone.php(10): view('handphone/index', Array)
#5 C:\xampp\htdocs\TugasBesar\system\CodeIgniter.php(918): App\Controllers\Handphone->index()
#6 C:\xampp\htdocs\TugasBesar\system\CodeIgniter.php(404): CodeIgniter\CodeIgniter->runController(Object(App\Controllers\Handphone))
#7 C:\xampp\htdocs\TugasBesar\system\CodeIgniter.php(312): CodeIgniter\CodeIgniter->handleRequest(NULL, Object(Config\Cache), false)
#8 C:\xampp\htdocs\TugasBesar\public\index.php(45): CodeIgniter\CodeIgniter->run()
#9 C:\xampp\htdocs\TugasBesar\system\Commands\Server\rewrite.php(34): require_once('C:\\xampp\\htdocs...')
#10 {main}
CRITICAL - 2020-12-17 23:54:53 --> Undefined variable: tittle
#0 C:\xampp\htdocs\TugasBesar\app\Views\layout\template.php(11): CodeIgniter\Debug\Exceptions->errorHandler(8, 'Undefined varia...', 'C:\\xampp\\htdocs...', 11, Array)
#1 C:\xampp\htdocs\TugasBesar\system\View\View.php(246): include('C:\\xampp\\htdocs...')
#2 C:\xampp\htdocs\TugasBesar\system\View\View.php(257): CodeIgniter\View\View->render('layout/template', Array, true)
#3 C:\xampp\htdocs\TugasBesar\system\Common.php(1119): CodeIgniter\View\View->render('handphone/index', Array, true)
#4 C:\xampp\htdocs\TugasBesar\app\Controllers\Handphone.php(10): view('handphone/index', Array)
#5 C:\xampp\htdocs\TugasBesar\system\CodeIgniter.php(918): App\Controllers\Handphone->index()
#6 C:\xampp\htdocs\TugasBesar\system\CodeIgniter.php(404): CodeIgniter\CodeIgniter->runController(Object(App\Controllers\Handphone))
#7 C:\xampp\htdocs\TugasBesar\system\CodeIgniter.php(312): CodeIgniter\CodeIgniter->handleRequest(NULL, Object(Config\Cache), false)
#8 C:\xampp\htdocs\TugasBesar\public\index.php(45): CodeIgniter\CodeIgniter->run()
#9 C:\xampp\htdocs\TugasBesar\system\Commands\Server\rewrite.php(34): require_once('C:\\xampp\\htdocs...')
#10 {main}
CRITICAL - 2020-12-17 23:54:53 --> Undefined variable: tittle
#0 C:\xampp\htdocs\TugasBesar\app\Views\layout\template.php(11): CodeIgniter\Debug\Exceptions->errorHandler(8, 'Undefined varia...', 'C:\\xampp\\htdocs...', 11, Array)
#1 C:\xampp\htdocs\TugasBesar\system\View\View.php(246): include('C:\\xampp\\htdocs...')
#2 C:\xampp\htdocs\TugasBesar\system\View\View.php(257): CodeIgniter\View\View->render('layout/template', Array, true)
#3 C:\xampp\htdocs\TugasBesar\system\Common.php(1119): CodeIgniter\View\View->render('handphone/index', Array, true)
#4 C:\xampp\htdocs\TugasBesar\app\Controllers\Handphone.php(10): view('handphone/index', Array)
#5 C:\xampp\htdocs\TugasBesar\system\CodeIgniter.php(918): App\Controllers\Handphone->index()
#6 C:\xampp\htdocs\TugasBesar\system\CodeIgniter.php(404): CodeIgniter\CodeIgniter->runController(Object(App\Controllers\Handphone))
#7 C:\xampp\htdocs\TugasBesar\system\CodeIgniter.php(312): CodeIgniter\CodeIgniter->handleRequest(NULL, Object(Config\Cache), false)
#8 C:\xampp\htdocs\TugasBesar\public\index.php(45): CodeIgniter\CodeIgniter->run()
#9 C:\xampp\htdocs\TugasBesar\system\Commands\Server\rewrite.php(34): require_once('C:\\xampp\\htdocs...')
#10 {main}
CRITICAL - 2020-12-17 23:54:53 --> Undefined variable: tittle
#0 C:\xampp\htdocs\TugasBesar\app\Views\layout\template.php(11): CodeIgniter\Debug\Exceptions->errorHandler(8, 'Undefined varia...', 'C:\\xampp\\htdocs...', 11, Array)
#1 C:\xampp\htdocs\TugasBesar\system\View\View.php(246): include('C:\\xampp\\htdocs...')
#2 C:\xampp\htdocs\TugasBesar\system\View\View.php(257): CodeIgniter\View\View->render('layout/template', Array, true)
#3 C:\xampp\htdocs\TugasBesar\system\Common.php(1119): CodeIgniter\View\View->render('handphone/index', Array, true)
#4 C:\xampp\htdocs\TugasBesar\app\Controllers\Handphone.php(10): view('handphone/index', Array)
#5 C:\xampp\htdocs\TugasBesar\system\CodeIgniter.php(918): App\Controllers\Handphone->index()
#6 C:\xampp\htdocs\TugasBesar\system\CodeIgniter.php(404): CodeIgniter\CodeIgniter->runController(Object(App\Controllers\Handphone))
#7 C:\xampp\htdocs\TugasBesar\system\CodeIgniter.php(312): CodeIgniter\CodeIgniter->handleRequest(NULL, Object(Config\Cache), false)
#8 C:\xampp\htdocs\TugasBesar\public\index.php(45): CodeIgniter\CodeIgniter->run()
#9 C:\xampp\htdocs\TugasBesar\system\Commands\Server\rewrite.php(34): require_once('C:\\xampp\\htdocs...')
#10 {main}
CRITICAL - 2020-12-17 23:54:57 --> Undefined variable: tittle
#0 C:\xampp\htdocs\TugasBesar\app\Views\layout\template.php(11): CodeIgniter\Debug\Exceptions->errorHandler(8, 'Undefined varia...', 'C:\\xampp\\htdocs...', 11, Array)
#1 C:\xampp\htdocs\TugasBesar\system\View\View.php(246): include('C:\\xampp\\htdocs...')
#2 C:\xampp\htdocs\TugasBesar\system\View\View.php(257): CodeIgniter\View\View->render('layout/template', Array, true)
#3 C:\xampp\htdocs\TugasBesar\system\Common.php(1119): CodeIgniter\View\View->render('handphone/index', Array, true)
#4 C:\xampp\htdocs\TugasBesar\app\Controllers\Handphone.php(10): view('handphone/index', Array)
#5 C:\xampp\htdocs\TugasBesar\system\CodeIgniter.php(918): App\Controllers\Handphone->index()
#6 C:\xampp\htdocs\TugasBesar\system\CodeIgniter.php(404): CodeIgniter\CodeIgniter->runController(Object(App\Controllers\Handphone))
#7 C:\xampp\htdocs\TugasBesar\system\CodeIgniter.php(312): CodeIgniter\CodeIgniter->handleRequest(NULL, Object(Config\Cache), false)
#8 C:\xampp\htdocs\TugasBesar\public\index.php(45): CodeIgniter\CodeIgniter->run()
#9 C:\xampp\htdocs\TugasBesar\system\Commands\Server\rewrite.php(34): require_once('C:\\xampp\\htdocs...')
#10 {main}
CRITICAL - 2020-12-17 23:57:13 --> Undefined variable: tittle
#0 C:\xampp\htdocs\TugasBesar\app\Views\layout\template.php(11): CodeIgniter\Debug\Exceptions->errorHandler(8, 'Undefined varia...', 'C:\\xampp\\htdocs...', 11, Array)
#1 C:\xampp\htdocs\TugasBesar\system\View\View.php(246): include('C:\\xampp\\htdocs...')
#2 C:\xampp\htdocs\TugasBesar\system\View\View.php(257): CodeIgniter\View\View->render('layout/template', Array, true)
#3 C:\xampp\htdocs\TugasBesar\system\Common.php(1119): CodeIgniter\View\View->render('handphone/index', Array, true)
#4 C:\xampp\htdocs\TugasBesar\app\Controllers\Handphone.php(10): view('handphone/index', Array)
#5 C:\xampp\htdocs\TugasBesar\system\CodeIgniter.php(918): App\Controllers\Handphone->index()
#6 C:\xampp\htdocs\TugasBesar\system\CodeIgniter.php(404): CodeIgniter\CodeIgniter->runController(Object(App\Controllers\Handphone))
#7 C:\xampp\htdocs\TugasBesar\system\CodeIgniter.php(312): CodeIgniter\CodeIgniter->handleRequest(NULL, Object(Config\Cache), false)
#8 C:\xampp\htdocs\TugasBesar\public\index.php(45): CodeIgniter\CodeIgniter->run()
#9 C:\xampp\htdocs\TugasBesar\system\Commands\Server\rewrite.php(34): require_once('C:\\xampp\\htdocs...')
#10 {main}
