CRITICAL - 2020-12-21 00:28:14 --> Unable to connect to the database.
#0 C:\xampp\htdocs\TugasBesar\system\Database\BaseConnection.php(646): CodeIgniter\Database\BaseConnection->initialize()
#1 C:\xampp\htdocs\TugasBesar\system\Database\BaseBuilder.php(1860): CodeIgniter\Database\BaseConnection->query('SELECT *\nFROM `...', Array, false)
#2 C:\xampp\htdocs\TugasBesar\system\Model.php(462): CodeIgniter\Database\BaseBuilder->get()
#3 C:\xampp\htdocs\TugasBesar\app\Controllers\Handphone.php(14): CodeIgniter\Model->findAll()
#4 C:\xampp\htdocs\TugasBesar\system\CodeIgniter.php(918): App\Controllers\Handphone->index()
#5 C:\xampp\htdocs\TugasBesar\system\CodeIgniter.php(404): CodeIgniter\CodeIgniter->runController(Object(App\Controllers\Handphone))
#6 C:\xampp\htdocs\TugasBesar\system\CodeIgniter.php(312): CodeIgniter\CodeIgniter->handleRequest(NULL, Object(Config\Cache), false)
#7 C:\xampp\htdocs\TugasBesar\public\index.php(45): CodeIgniter\CodeIgniter->run()
#8 C:\xampp\htdocs\TugasBesar\system\Commands\Server\rewrite.php(34): require_once('C:\\xampp\\htdocs...')
#9 {main}
CRITICAL - 2020-12-21 00:28:14 --> Uncaught ErrorException: print_r(): Property access is not allowed yet in C:\xampp\htdocs\TugasBesar\app\Views\errors\html\error_exception.php:100
Stack trace:
#0 [internal function]: CodeIgniter\Debug\Exceptions->errorHandler(2, 'print_r(): Prop...', 'C:\\xampp\\htdocs...', 100, Array)
#1 C:\xampp\htdocs\TugasBesar\app\Views\errors\html\error_exception.php(100): print_r(Object(App\Controllers\Handphone), true)
#2 C:\xampp\htdocs\TugasBesar\system\Debug\Exceptions.php(308): include('C:\\xampp\\htdocs...')
#3 C:\xampp\htdocs\TugasBesar\system\Debug\Exceptions.php(174): CodeIgniter\Debug\Exceptions->render(Object(CodeIgniter\Database\Exceptions\DatabaseException), 500)
#4 [internal function]: CodeIgniter\Debug\Exceptions->exceptionHandler(Object(CodeIgniter\Database\Exceptions\DatabaseException))
#5 {main}
  thrown
#0 [internal function]: CodeIgniter\Debug\Exceptions->shutdownHandler()
#1 {main}
CRITICAL - 2020-12-21 00:33:04 --> Use of undefined constant slug - assumed 'slug' (this will throw an Error in a future version of PHP)
#0 C:\xampp\htdocs\TugasBesar\app\Controllers\Handphone.php(28): CodeIgniter\Debug\Exceptions->errorHandler(2, 'Use of undefine...', 'C:\\xampp\\htdocs...', 28, Array)
#1 C:\xampp\htdocs\TugasBesar\system\CodeIgniter.php(918): App\Controllers\Handphone->detail('samsung')
#2 C:\xampp\htdocs\TugasBesar\system\CodeIgniter.php(404): CodeIgniter\CodeIgniter->runController(Object(App\Controllers\Handphone))
#3 C:\xampp\htdocs\TugasBesar\system\CodeIgniter.php(312): CodeIgniter\CodeIgniter->handleRequest(NULL, Object(Config\Cache), false)
#4 C:\xampp\htdocs\TugasBesar\public\index.php(45): CodeIgniter\CodeIgniter->run()
#5 C:\xampp\htdocs\TugasBesar\system\Commands\Server\rewrite.php(34): require_once('C:\\xampp\\htdocs...')
#6 {main}
CRITICAL - 2020-12-21 00:39:57 --> syntax error, unexpected '->' (T_OBJECT_OPERATOR), expecting ';'
#0 C:\xampp\htdocs\TugasBesar\system\Autoloader\Autoloader.php(296): CodeIgniter\Autoloader\Autoloader->requireFile('C:\\xampp\\htdocs...')
#1 C:\xampp\htdocs\TugasBesar\system\Autoloader\Autoloader.php(258): CodeIgniter\Autoloader\Autoloader->loadInNamespace('App\\Models\\Hand...')
#2 [internal function]: CodeIgniter\Autoloader\Autoloader->loadClass('App\\Models\\Hand...')
#3 C:\xampp\htdocs\TugasBesar\app\Controllers\Handphone.php(10): spl_autoload_call('App\\Models\\Hand...')
#4 C:\xampp\htdocs\TugasBesar\system\CodeIgniter.php(890): App\Controllers\Handphone->__construct()
#5 C:\xampp\htdocs\TugasBesar\system\CodeIgniter.php(399): CodeIgniter\CodeIgniter->createController()
#6 C:\xampp\htdocs\TugasBesar\system\CodeIgniter.php(312): CodeIgniter\CodeIgniter->handleRequest(NULL, Object(Config\Cache), false)
#7 C:\xampp\htdocs\TugasBesar\public\index.php(45): CodeIgniter\CodeIgniter->run()
#8 C:\xampp\htdocs\TugasBesar\system\Commands\Server\rewrite.php(34): require_once('C:\\xampp\\htdocs...')
#9 {main}
CRITICAL - 2020-12-21 00:40:13 --> syntax error, unexpected '->' (T_OBJECT_OPERATOR), expecting ';'
#0 C:\xampp\htdocs\TugasBesar\system\Autoloader\Autoloader.php(296): CodeIgniter\Autoloader\Autoloader->requireFile('C:\\xampp\\htdocs...')
#1 C:\xampp\htdocs\TugasBesar\system\Autoloader\Autoloader.php(258): CodeIgniter\Autoloader\Autoloader->loadInNamespace('App\\Models\\Hand...')
#2 [internal function]: CodeIgniter\Autoloader\Autoloader->loadClass('App\\Models\\Hand...')
#3 C:\xampp\htdocs\TugasBesar\app\Controllers\Handphone.php(10): spl_autoload_call('App\\Models\\Hand...')
#4 C:\xampp\htdocs\TugasBesar\system\CodeIgniter.php(890): App\Controllers\Handphone->__construct()
#5 C:\xampp\htdocs\TugasBesar\system\CodeIgniter.php(399): CodeIgniter\CodeIgniter->createController()
#6 C:\xampp\htdocs\TugasBesar\system\CodeIgniter.php(312): CodeIgniter\CodeIgniter->handleRequest(NULL, Object(Config\Cache), false)
#7 C:\xampp\htdocs\TugasBesar\public\index.php(45): CodeIgniter\CodeIgniter->run()
#8 C:\xampp\htdocs\TugasBesar\system\Commands\Server\rewrite.php(34): require_once('C:\\xampp\\htdocs...')
#9 {main}
CRITICAL - 2020-12-21 00:40:14 --> syntax error, unexpected '->' (T_OBJECT_OPERATOR), expecting ';'
#0 C:\xampp\htdocs\TugasBesar\system\Autoloader\Autoloader.php(296): CodeIgniter\Autoloader\Autoloader->requireFile('C:\\xampp\\htdocs...')
#1 C:\xampp\htdocs\TugasBesar\system\Autoloader\Autoloader.php(258): CodeIgniter\Autoloader\Autoloader->loadInNamespace('App\\Models\\Hand...')
#2 [internal function]: CodeIgniter\Autoloader\Autoloader->loadClass('App\\Models\\Hand...')
#3 C:\xampp\htdocs\TugasBesar\app\Controllers\Handphone.php(10): spl_autoload_call('App\\Models\\Hand...')
#4 C:\xampp\htdocs\TugasBesar\system\CodeIgniter.php(890): App\Controllers\Handphone->__construct()
#5 C:\xampp\htdocs\TugasBesar\system\CodeIgniter.php(399): CodeIgniter\CodeIgniter->createController()
#6 C:\xampp\htdocs\TugasBesar\system\CodeIgniter.php(312): CodeIgniter\CodeIgniter->handleRequest(NULL, Object(Config\Cache), false)
#7 C:\xampp\htdocs\TugasBesar\public\index.php(45): CodeIgniter\CodeIgniter->run()
#8 C:\xampp\htdocs\TugasBesar\system\Commands\Server\rewrite.php(34): require_once('C:\\xampp\\htdocs...')
#9 {main}
CRITICAL - 2020-12-21 00:40:21 --> syntax error, unexpected '->' (T_OBJECT_OPERATOR), expecting ';'
#0 C:\xampp\htdocs\TugasBesar\system\Autoloader\Autoloader.php(296): CodeIgniter\Autoloader\Autoloader->requireFile('C:\\xampp\\htdocs...')
#1 C:\xampp\htdocs\TugasBesar\system\Autoloader\Autoloader.php(258): CodeIgniter\Autoloader\Autoloader->loadInNamespace('App\\Models\\Hand...')
#2 [internal function]: CodeIgniter\Autoloader\Autoloader->loadClass('App\\Models\\Hand...')
#3 C:\xampp\htdocs\TugasBesar\app\Controllers\Handphone.php(10): spl_autoload_call('App\\Models\\Hand...')
#4 C:\xampp\htdocs\TugasBesar\system\CodeIgniter.php(890): App\Controllers\Handphone->__construct()
#5 C:\xampp\htdocs\TugasBesar\system\CodeIgniter.php(399): CodeIgniter\CodeIgniter->createController()
#6 C:\xampp\htdocs\TugasBesar\system\CodeIgniter.php(312): CodeIgniter\CodeIgniter->handleRequest(NULL, Object(Config\Cache), false)
#7 C:\xampp\htdocs\TugasBesar\public\index.php(45): CodeIgniter\CodeIgniter->run()
#8 C:\xampp\htdocs\TugasBesar\system\Commands\Server\rewrite.php(34): require_once('C:\\xampp\\htdocs...')
#9 {main}
CRITICAL - 2020-12-21 00:47:20 --> syntax error, unexpected ';', expecting ']'
#0 C:\xampp\htdocs\TugasBesar\system\Autoloader\Autoloader.php(296): CodeIgniter\Autoloader\Autoloader->requireFile('C:\\xampp\\htdocs...')
#1 C:\xampp\htdocs\TugasBesar\system\Autoloader\Autoloader.php(258): CodeIgniter\Autoloader\Autoloader->loadInNamespace('App\\Controllers...')
#2 [internal function]: CodeIgniter\Autoloader\Autoloader->loadClass('App\\Controllers...')
#3 [internal function]: spl_autoload_call('App\\Controllers...')
#4 C:\xampp\htdocs\TugasBesar\system\CodeIgniter.php(869): class_exists('\\App\\Controller...', true)
#5 C:\xampp\htdocs\TugasBesar\system\CodeIgniter.php(394): CodeIgniter\CodeIgniter->startController()
#6 C:\xampp\htdocs\TugasBesar\system\CodeIgniter.php(312): CodeIgniter\CodeIgniter->handleRequest(NULL, Object(Config\Cache), false)
#7 C:\xampp\htdocs\TugasBesar\public\index.php(45): CodeIgniter\CodeIgniter->run()
#8 C:\xampp\htdocs\TugasBesar\system\Commands\Server\rewrite.php(34): require_once('C:\\xampp\\htdocs...')
#9 {main}
CRITICAL - 2020-12-21 00:47:21 --> syntax error, unexpected ';', expecting ']'
#0 C:\xampp\htdocs\TugasBesar\system\Router\Router.php(195): CodeIgniter\Router\Router->autoRoute('handphone')
#1 C:\xampp\htdocs\TugasBesar\system\CodeIgniter.php(793): CodeIgniter\Router\Router->handle('handphone')
#2 C:\xampp\htdocs\TugasBesar\system\CodeIgniter.php(364): CodeIgniter\CodeIgniter->tryToRouteIt(Object(CodeIgniter\Router\RouteCollection))
#3 C:\xampp\htdocs\TugasBesar\system\CodeIgniter.php(312): CodeIgniter\CodeIgniter->handleRequest(NULL, Object(Config\Cache), false)
#4 C:\xampp\htdocs\TugasBesar\public\index.php(45): CodeIgniter\CodeIgniter->run()
#5 C:\xampp\htdocs\TugasBesar\system\Commands\Server\rewrite.php(34): require_once('C:\\xampp\\htdocs...')
#6 {main}
CRITICAL - 2020-12-21 00:47:29 --> syntax error, unexpected ';', expecting ']'
#0 C:\xampp\htdocs\TugasBesar\system\Router\Router.php(195): CodeIgniter\Router\Router->autoRoute('handphone')
#1 C:\xampp\htdocs\TugasBesar\system\CodeIgniter.php(793): CodeIgniter\Router\Router->handle('handphone')
#2 C:\xampp\htdocs\TugasBesar\system\CodeIgniter.php(364): CodeIgniter\CodeIgniter->tryToRouteIt(Object(CodeIgniter\Router\RouteCollection))
#3 C:\xampp\htdocs\TugasBesar\system\CodeIgniter.php(312): CodeIgniter\CodeIgniter->handleRequest(NULL, Object(Config\Cache), false)
#4 C:\xampp\htdocs\TugasBesar\public\index.php(45): CodeIgniter\CodeIgniter->run()
#5 C:\xampp\htdocs\TugasBesar\system\Commands\Server\rewrite.php(34): require_once('C:\\xampp\\htdocs...')
#6 {main}
CRITICAL - 2020-12-21 00:47:31 --> syntax error, unexpected ';', expecting ']'
#0 C:\xampp\htdocs\TugasBesar\system\Router\Router.php(195): CodeIgniter\Router\Router->autoRoute('handphone')
#1 C:\xampp\htdocs\TugasBesar\system\CodeIgniter.php(793): CodeIgniter\Router\Router->handle('handphone')
#2 C:\xampp\htdocs\TugasBesar\system\CodeIgniter.php(364): CodeIgniter\CodeIgniter->tryToRouteIt(Object(CodeIgniter\Router\RouteCollection))
#3 C:\xampp\htdocs\TugasBesar\system\CodeIgniter.php(312): CodeIgniter\CodeIgniter->handleRequest(NULL, Object(Config\Cache), false)
#4 C:\xampp\htdocs\TugasBesar\public\index.php(45): CodeIgniter\CodeIgniter->run()
#5 C:\xampp\htdocs\TugasBesar\system\Commands\Server\rewrite.php(34): require_once('C:\\xampp\\htdocs...')
#6 {main}
CRITICAL - 2020-12-21 00:48:16 --> Call to undefined function App\Controllers\vie()
#0 C:\xampp\htdocs\TugasBesar\system\CodeIgniter.php(918): App\Controllers\Handphone->detail('samsung')
#1 C:\xampp\htdocs\TugasBesar\system\CodeIgniter.php(404): CodeIgniter\CodeIgniter->runController(Object(App\Controllers\Handphone))
#2 C:\xampp\htdocs\TugasBesar\system\CodeIgniter.php(312): CodeIgniter\CodeIgniter->handleRequest(NULL, Object(Config\Cache), false)
#3 C:\xampp\htdocs\TugasBesar\public\index.php(45): CodeIgniter\CodeIgniter->run()
#4 C:\xampp\htdocs\TugasBesar\system\Commands\Server\rewrite.php(34): require_once('C:\\xampp\\htdocs...')
#5 {main}
CRITICAL - 2020-12-21 01:49:35 --> Undefined variable: csrf_field
#0 C:\xampp\htdocs\TugasBesar\app\Views\handphone\create.php(9): CodeIgniter\Debug\Exceptions->errorHandler(8, 'Undefined varia...', 'C:\\xampp\\htdocs...', 9, Array)
#1 C:\xampp\htdocs\TugasBesar\system\View\View.php(246): include('C:\\xampp\\htdocs...')
#2 C:\xampp\htdocs\TugasBesar\system\Common.php(1119): CodeIgniter\View\View->render('handphone/creat...', Array, true)
#3 C:\xampp\htdocs\TugasBesar\app\Controllers\Handphone.php(40): view('handphone/creat...', Array)
#4 C:\xampp\htdocs\TugasBesar\system\CodeIgniter.php(918): App\Controllers\Handphone->create()
#5 C:\xampp\htdocs\TugasBesar\system\CodeIgniter.php(404): CodeIgniter\CodeIgniter->runController(Object(App\Controllers\Handphone))
#6 C:\xampp\htdocs\TugasBesar\system\CodeIgniter.php(312): CodeIgniter\CodeIgniter->handleRequest(NULL, Object(Config\Cache), false)
#7 C:\xampp\htdocs\TugasBesar\public\index.php(45): CodeIgniter\CodeIgniter->run()
#8 C:\xampp\htdocs\TugasBesar\system\Commands\Server\rewrite.php(34): require_once('C:\\xampp\\htdocs...')
#9 {main}
CRITICAL - 2020-12-21 01:49:37 --> Undefined variable: csrf_field
#0 C:\xampp\htdocs\TugasBesar\app\Views\handphone\create.php(9): CodeIgniter\Debug\Exceptions->errorHandler(8, 'Undefined varia...', 'C:\\xampp\\htdocs...', 9, Array)
#1 C:\xampp\htdocs\TugasBesar\system\View\View.php(246): include('C:\\xampp\\htdocs...')
#2 C:\xampp\htdocs\TugasBesar\system\Common.php(1119): CodeIgniter\View\View->render('handphone/creat...', Array, true)
#3 C:\xampp\htdocs\TugasBesar\app\Controllers\Handphone.php(40): view('handphone/creat...', Array)
#4 C:\xampp\htdocs\TugasBesar\system\CodeIgniter.php(918): App\Controllers\Handphone->create()
#5 C:\xampp\htdocs\TugasBesar\system\CodeIgniter.php(404): CodeIgniter\CodeIgniter->runController(Object(App\Controllers\Handphone))
#6 C:\xampp\htdocs\TugasBesar\system\CodeIgniter.php(312): CodeIgniter\CodeIgniter->handleRequest(NULL, Object(Config\Cache), false)
#7 C:\xampp\htdocs\TugasBesar\public\index.php(45): CodeIgniter\CodeIgniter->run()
#8 C:\xampp\htdocs\TugasBesar\system\Commands\Server\rewrite.php(34): require_once('C:\\xampp\\htdocs...')
#9 {main}
CRITICAL - 2020-12-21 01:50:01 --> Undefined variable: csrf_field
#0 C:\xampp\htdocs\TugasBesar\app\Views\handphone\create.php(9): CodeIgniter\Debug\Exceptions->errorHandler(8, 'Undefined varia...', 'C:\\xampp\\htdocs...', 9, Array)
#1 C:\xampp\htdocs\TugasBesar\system\View\View.php(246): include('C:\\xampp\\htdocs...')
#2 C:\xampp\htdocs\TugasBesar\system\Common.php(1119): CodeIgniter\View\View->render('handphone/creat...', Array, true)
#3 C:\xampp\htdocs\TugasBesar\app\Controllers\Handphone.php(40): view('handphone/creat...', Array)
#4 C:\xampp\htdocs\TugasBesar\system\CodeIgniter.php(918): App\Controllers\Handphone->create()
#5 C:\xampp\htdocs\TugasBesar\system\CodeIgniter.php(404): CodeIgniter\CodeIgniter->runController(Object(App\Controllers\Handphone))
#6 C:\xampp\htdocs\TugasBesar\system\CodeIgniter.php(312): CodeIgniter\CodeIgniter->handleRequest(NULL, Object(Config\Cache), false)
#7 C:\xampp\htdocs\TugasBesar\public\index.php(45): CodeIgniter\CodeIgniter->run()
#8 C:\xampp\htdocs\TugasBesar\system\Commands\Server\rewrite.php(34): require_once('C:\\xampp\\htdocs...')
#9 {main}
CRITICAL - 2020-12-21 01:50:31 --> Undefined variable: csrf_field
#0 C:\xampp\htdocs\TugasBesar\app\Views\handphone\create.php(9): CodeIgniter\Debug\Exceptions->errorHandler(8, 'Undefined varia...', 'C:\\xampp\\htdocs...', 9, Array)
#1 C:\xampp\htdocs\TugasBesar\system\View\View.php(246): include('C:\\xampp\\htdocs...')
#2 C:\xampp\htdocs\TugasBesar\system\Common.php(1119): CodeIgniter\View\View->render('handphone/creat...', Array, true)
#3 C:\xampp\htdocs\TugasBesar\app\Controllers\Handphone.php(40): view('handphone/creat...', Array)
#4 C:\xampp\htdocs\TugasBesar\system\CodeIgniter.php(918): App\Controllers\Handphone->create()
#5 C:\xampp\htdocs\TugasBesar\system\CodeIgniter.php(404): CodeIgniter\CodeIgniter->runController(Object(App\Controllers\Handphone))
#6 C:\xampp\htdocs\TugasBesar\system\CodeIgniter.php(312): CodeIgniter\CodeIgniter->handleRequest(NULL, Object(Config\Cache), false)
#7 C:\xampp\htdocs\TugasBesar\public\index.php(45): CodeIgniter\CodeIgniter->run()
#8 C:\xampp\htdocs\TugasBesar\system\Commands\Server\rewrite.php(34): require_once('C:\\xampp\\htdocs...')
#9 {main}
CRITICAL - 2020-12-21 02:11:11 --> syntax error, unexpected '}'
#0 C:\xampp\htdocs\TugasBesar\system\Autoloader\Autoloader.php(296): CodeIgniter\Autoloader\Autoloader->requireFile('C:\\xampp\\htdocs...')
#1 C:\xampp\htdocs\TugasBesar\system\Autoloader\Autoloader.php(258): CodeIgniter\Autoloader\Autoloader->loadInNamespace('App\\Controllers...')
#2 [internal function]: CodeIgniter\Autoloader\Autoloader->loadClass('App\\Controllers...')
#3 [internal function]: spl_autoload_call('App\\Controllers...')
#4 C:\xampp\htdocs\TugasBesar\system\CodeIgniter.php(869): class_exists('\\App\\Controller...', true)
#5 C:\xampp\htdocs\TugasBesar\system\CodeIgniter.php(394): CodeIgniter\CodeIgniter->startController()
#6 C:\xampp\htdocs\TugasBesar\system\CodeIgniter.php(312): CodeIgniter\CodeIgniter->handleRequest(NULL, Object(Config\Cache), false)
#7 C:\xampp\htdocs\TugasBesar\public\index.php(45): CodeIgniter\CodeIgniter->run()
#8 C:\xampp\htdocs\TugasBesar\system\Commands\Server\rewrite.php(34): require_once('C:\\xampp\\htdocs...')
#9 {main}
CRITICAL - 2020-12-21 02:11:12 --> syntax error, unexpected '}'
#0 C:\xampp\htdocs\TugasBesar\system\Autoloader\Autoloader.php(296): CodeIgniter\Autoloader\Autoloader->requireFile('C:\\xampp\\htdocs...')
#1 C:\xampp\htdocs\TugasBesar\system\Autoloader\Autoloader.php(258): CodeIgniter\Autoloader\Autoloader->loadInNamespace('App\\Controllers...')
#2 [internal function]: CodeIgniter\Autoloader\Autoloader->loadClass('App\\Controllers...')
#3 [internal function]: spl_autoload_call('App\\Controllers...')
#4 C:\xampp\htdocs\TugasBesar\system\CodeIgniter.php(869): class_exists('\\App\\Controller...', true)
#5 C:\xampp\htdocs\TugasBesar\system\CodeIgniter.php(394): CodeIgniter\CodeIgniter->startController()
#6 C:\xampp\htdocs\TugasBesar\system\CodeIgniter.php(312): CodeIgniter\CodeIgniter->handleRequest(NULL, Object(Config\Cache), false)
#7 C:\xampp\htdocs\TugasBesar\public\index.php(45): CodeIgniter\CodeIgniter->run()
#8 C:\xampp\htdocs\TugasBesar\system\Commands\Server\rewrite.php(34): require_once('C:\\xampp\\htdocs...')
#9 {main}
CRITICAL - 2020-12-21 02:11:15 --> syntax error, unexpected '}'
#0 C:\xampp\htdocs\TugasBesar\system\Router\Router.php(195): CodeIgniter\Router\Router->autoRoute('handphone')
#1 C:\xampp\htdocs\TugasBesar\system\CodeIgniter.php(793): CodeIgniter\Router\Router->handle('handphone')
#2 C:\xampp\htdocs\TugasBesar\system\CodeIgniter.php(364): CodeIgniter\CodeIgniter->tryToRouteIt(Object(CodeIgniter\Router\RouteCollection))
#3 C:\xampp\htdocs\TugasBesar\system\CodeIgniter.php(312): CodeIgniter\CodeIgniter->handleRequest(NULL, Object(Config\Cache), false)
#4 C:\xampp\htdocs\TugasBesar\public\index.php(45): CodeIgniter\CodeIgniter->run()
#5 C:\xampp\htdocs\TugasBesar\system\Commands\Server\rewrite.php(34): require_once('C:\\xampp\\htdocs...')
#6 {main}
CRITICAL - 2020-12-21 02:11:24 --> syntax error, unexpected '}'
#0 C:\xampp\htdocs\TugasBesar\system\Router\Router.php(195): CodeIgniter\Router\Router->autoRoute('handphone')
#1 C:\xampp\htdocs\TugasBesar\system\CodeIgniter.php(793): CodeIgniter\Router\Router->handle('handphone')
#2 C:\xampp\htdocs\TugasBesar\system\CodeIgniter.php(364): CodeIgniter\CodeIgniter->tryToRouteIt(Object(CodeIgniter\Router\RouteCollection))
#3 C:\xampp\htdocs\TugasBesar\system\CodeIgniter.php(312): CodeIgniter\CodeIgniter->handleRequest(NULL, Object(Config\Cache), false)
#4 C:\xampp\htdocs\TugasBesar\public\index.php(45): CodeIgniter\CodeIgniter->run()
#5 C:\xampp\htdocs\TugasBesar\system\Commands\Server\rewrite.php(34): require_once('C:\\xampp\\htdocs...')
#6 {main}
CRITICAL - 2020-12-21 02:13:12 --> Undefined property: App\Controllers\Handphone::$HandphoneModel
#0 C:\xampp\htdocs\TugasBesar\app\Controllers\Handphone.php(51): CodeIgniter\Debug\Exceptions->errorHandler(8, 'Undefined prope...', 'C:\\xampp\\htdocs...', 51, Array)
#1 C:\xampp\htdocs\TugasBesar\system\CodeIgniter.php(918): App\Controllers\Handphone->save()
#2 C:\xampp\htdocs\TugasBesar\system\CodeIgniter.php(404): CodeIgniter\CodeIgniter->runController(Object(App\Controllers\Handphone))
#3 C:\xampp\htdocs\TugasBesar\system\CodeIgniter.php(312): CodeIgniter\CodeIgniter->handleRequest(NULL, Object(Config\Cache), false)
#4 C:\xampp\htdocs\TugasBesar\public\index.php(45): CodeIgniter\CodeIgniter->run()
#5 C:\xampp\htdocs\TugasBesar\system\Commands\Server\rewrite.php(34): require_once('C:\\xampp\\htdocs...')
#6 {main}
CRITICAL - 2020-12-21 02:15:37 --> Undefined property: App\Controllers\Handphone::$HandphoneModel
#0 C:\xampp\htdocs\TugasBesar\app\Controllers\Handphone.php(51): CodeIgniter\Debug\Exceptions->errorHandler(8, 'Undefined prope...', 'C:\\xampp\\htdocs...', 51, Array)
#1 C:\xampp\htdocs\TugasBesar\system\CodeIgniter.php(918): App\Controllers\Handphone->save()
#2 C:\xampp\htdocs\TugasBesar\system\CodeIgniter.php(404): CodeIgniter\CodeIgniter->runController(Object(App\Controllers\Handphone))
#3 C:\xampp\htdocs\TugasBesar\system\CodeIgniter.php(312): CodeIgniter\CodeIgniter->handleRequest(NULL, Object(Config\Cache), false)
#4 C:\xampp\htdocs\TugasBesar\public\index.php(45): CodeIgniter\CodeIgniter->run()
#5 C:\xampp\htdocs\TugasBesar\system\Commands\Server\rewrite.php(34): require_once('C:\\xampp\\htdocs...')
#6 {main}
CRITICAL - 2020-12-21 02:15:42 --> Undefined property: App\Controllers\Handphone::$HandphoneModel
#0 C:\xampp\htdocs\TugasBesar\app\Controllers\Handphone.php(51): CodeIgniter\Debug\Exceptions->errorHandler(8, 'Undefined prope...', 'C:\\xampp\\htdocs...', 51, Array)
#1 C:\xampp\htdocs\TugasBesar\system\CodeIgniter.php(918): App\Controllers\Handphone->save()
#2 C:\xampp\htdocs\TugasBesar\system\CodeIgniter.php(404): CodeIgniter\CodeIgniter->runController(Object(App\Controllers\Handphone))
#3 C:\xampp\htdocs\TugasBesar\system\CodeIgniter.php(312): CodeIgniter\CodeIgniter->handleRequest(NULL, Object(Config\Cache), false)
#4 C:\xampp\htdocs\TugasBesar\public\index.php(45): CodeIgniter\CodeIgniter->run()
#5 C:\xampp\htdocs\TugasBesar\system\Commands\Server\rewrite.php(34): require_once('C:\\xampp\\htdocs...')
#6 {main}
CRITICAL - 2020-12-21 02:15:49 --> Undefined property: App\Controllers\Handphone::$HandphoneModel
#0 C:\xampp\htdocs\TugasBesar\app\Controllers\Handphone.php(51): CodeIgniter\Debug\Exceptions->errorHandler(8, 'Undefined prope...', 'C:\\xampp\\htdocs...', 51, Array)
#1 C:\xampp\htdocs\TugasBesar\system\CodeIgniter.php(918): App\Controllers\Handphone->save()
#2 C:\xampp\htdocs\TugasBesar\system\CodeIgniter.php(404): CodeIgniter\CodeIgniter->runController(Object(App\Controllers\Handphone))
#3 C:\xampp\htdocs\TugasBesar\system\CodeIgniter.php(312): CodeIgniter\CodeIgniter->handleRequest(NULL, Object(Config\Cache), false)
#4 C:\xampp\htdocs\TugasBesar\public\index.php(45): CodeIgniter\CodeIgniter->run()
#5 C:\xampp\htdocs\TugasBesar\system\Commands\Server\rewrite.php(34): require_once('C:\\xampp\\htdocs...')
#6 {main}
CRITICAL - 2020-12-21 03:47:31 --> syntax error, unexpected '$slug' (T_VARIABLE)
#0 C:\xampp\htdocs\TugasBesar\system\Router\Router.php(195): CodeIgniter\Router\Router->autoRoute('handphone')
#1 C:\xampp\htdocs\TugasBesar\system\CodeIgniter.php(793): CodeIgniter\Router\Router->handle('handphone')
#2 C:\xampp\htdocs\TugasBesar\system\CodeIgniter.php(364): CodeIgniter\CodeIgniter->tryToRouteIt(Object(CodeIgniter\Router\RouteCollection))
#3 C:\xampp\htdocs\TugasBesar\system\CodeIgniter.php(312): CodeIgniter\CodeIgniter->handleRequest(NULL, Object(Config\Cache), false)
#4 C:\xampp\htdocs\TugasBesar\public\index.php(45): CodeIgniter\CodeIgniter->run()
#5 C:\xampp\htdocs\TugasBesar\system\Commands\Server\rewrite.php(34): require_once('C:\\xampp\\htdocs...')
#6 {main}
CRITICAL - 2020-12-21 05:48:45 --> Use of undefined constant berhasil - assumed 'berhasil' (this will throw an Error in a future version of PHP)
#0 C:\xampp\htdocs\TugasBesar\app\Controllers\Handphone.php(76): CodeIgniter\Debug\Exceptions->errorHandler(2, 'Use of undefine...', 'C:\\xampp\\htdocs...', 76, Array)
#1 C:\xampp\htdocs\TugasBesar\system\CodeIgniter.php(918): App\Controllers\Handphone->save()
#2 C:\xampp\htdocs\TugasBesar\system\CodeIgniter.php(404): CodeIgniter\CodeIgniter->runController(Object(App\Controllers\Handphone))
#3 C:\xampp\htdocs\TugasBesar\system\CodeIgniter.php(312): CodeIgniter\CodeIgniter->handleRequest(NULL, Object(Config\Cache), false)
#4 C:\xampp\htdocs\TugasBesar\public\index.php(45): CodeIgniter\CodeIgniter->run()
#5 C:\xampp\htdocs\TugasBesar\system\Commands\Server\rewrite.php(34): require_once('C:\\xampp\\htdocs...')
#6 {main}
CRITICAL - 2020-12-21 05:49:33 --> Column 'foto' cannot be null
#0 C:\xampp\htdocs\TugasBesar\system\Database\MySQLi\Connection.php(331): mysqli->query('INSERT INTO `ha...')
#1 C:\xampp\htdocs\TugasBesar\system\Database\BaseConnection.php(741): CodeIgniter\Database\MySQLi\Connection->execute('INSERT INTO `ha...')
#2 C:\xampp\htdocs\TugasBesar\system\Database\BaseConnection.php(669): CodeIgniter\Database\BaseConnection->simpleQuery('INSERT INTO `ha...')
#3 C:\xampp\htdocs\TugasBesar\system\Database\BaseBuilder.php(2249): CodeIgniter\Database\BaseConnection->query('INSERT INTO `ha...', Array, false)
#4 C:\xampp\htdocs\TugasBesar\system\Model.php(755): CodeIgniter\Database\BaseBuilder->insert()
#5 C:\xampp\htdocs\TugasBesar\system\Model.php(574): CodeIgniter\Model->insert(Array, false)
#6 C:\xampp\htdocs\TugasBesar\app\Controllers\Handphone.php(84): CodeIgniter\Model->save(Array)
#7 C:\xampp\htdocs\TugasBesar\system\CodeIgniter.php(918): App\Controllers\Handphone->save()
#8 C:\xampp\htdocs\TugasBesar\system\CodeIgniter.php(404): CodeIgniter\CodeIgniter->runController(Object(App\Controllers\Handphone))
#9 C:\xampp\htdocs\TugasBesar\system\CodeIgniter.php(312): CodeIgniter\CodeIgniter->handleRequest(NULL, Object(Config\Cache), false)
#10 C:\xampp\htdocs\TugasBesar\public\index.php(45): CodeIgniter\CodeIgniter->run()
#11 C:\xampp\htdocs\TugasBesar\system\Commands\Server\rewrite.php(34): require_once('C:\\xampp\\htdocs...')
#12 {main}
CRITICAL - 2020-12-21 05:49:38 --> Column 'foto' cannot be null
#0 C:\xampp\htdocs\TugasBesar\system\Database\MySQLi\Connection.php(331): mysqli->query('INSERT INTO `ha...')
#1 C:\xampp\htdocs\TugasBesar\system\Database\BaseConnection.php(741): CodeIgniter\Database\MySQLi\Connection->execute('INSERT INTO `ha...')
#2 C:\xampp\htdocs\TugasBesar\system\Database\BaseConnection.php(669): CodeIgniter\Database\BaseConnection->simpleQuery('INSERT INTO `ha...')
#3 C:\xampp\htdocs\TugasBesar\system\Database\BaseBuilder.php(2249): CodeIgniter\Database\BaseConnection->query('INSERT INTO `ha...', Array, false)
#4 C:\xampp\htdocs\TugasBesar\system\Model.php(755): CodeIgniter\Database\BaseBuilder->insert()
#5 C:\xampp\htdocs\TugasBesar\system\Model.php(574): CodeIgniter\Model->insert(Array, false)
#6 C:\xampp\htdocs\TugasBesar\app\Controllers\Handphone.php(84): CodeIgniter\Model->save(Array)
#7 C:\xampp\htdocs\TugasBesar\system\CodeIgniter.php(918): App\Controllers\Handphone->save()
#8 C:\xampp\htdocs\TugasBesar\system\CodeIgniter.php(404): CodeIgniter\CodeIgniter->runController(Object(App\Controllers\Handphone))
#9 C:\xampp\htdocs\TugasBesar\system\CodeIgniter.php(312): CodeIgniter\CodeIgniter->handleRequest(NULL, Object(Config\Cache), false)
#10 C:\xampp\htdocs\TugasBesar\public\index.php(45): CodeIgniter\CodeIgniter->run()
#11 C:\xampp\htdocs\TugasBesar\system\Commands\Server\rewrite.php(34): require_once('C:\\xampp\\htdocs...')
#12 {main}
CRITICAL - 2020-12-21 06:42:58 --> Undefined index: gambar
#0 C:\xampp\htdocs\TugasBesar\app\Controllers\Handphone.php(108): CodeIgniter\Debug\Exceptions->errorHandler(8, 'Undefined index...', 'C:\\xampp\\htdocs...', 108, Array)
#1 C:\xampp\htdocs\TugasBesar\system\CodeIgniter.php(918): App\Controllers\Handphone->delete('10')
#2 C:\xampp\htdocs\TugasBesar\system\CodeIgniter.php(404): CodeIgniter\CodeIgniter->runController(Object(App\Controllers\Handphone))
#3 C:\xampp\htdocs\TugasBesar\system\CodeIgniter.php(312): CodeIgniter\CodeIgniter->handleRequest(NULL, Object(Config\Cache), false)
#4 C:\xampp\htdocs\TugasBesar\public\index.php(45): CodeIgniter\CodeIgniter->run()
#5 C:\xampp\htdocs\TugasBesar\system\Commands\Server\rewrite.php(34): require_once('C:\\xampp\\htdocs...')
#6 {main}
