CRITICAL - 2020-12-18 01:20:28 --> syntax error, unexpected ''handphone'' (T_CONSTANT_ENCAPSED_STRING), expecting ']'
#0 C:\xampp\htdocs\TugasBesar\system\Router\Router.php(195): CodeIgniter\Router\Router->autoRoute('handphone')
#1 C:\xampp\htdocs\TugasBesar\system\CodeIgniter.php(793): CodeIgniter\Router\Router->handle('handphone')
#2 C:\xampp\htdocs\TugasBesar\system\CodeIgniter.php(364): CodeIgniter\CodeIgniter->tryToRouteIt(Object(CodeIgniter\Router\RouteCollection))
#3 C:\xampp\htdocs\TugasBesar\system\CodeIgniter.php(312): CodeIgniter\CodeIgniter->handleRequest(NULL, Object(Config\Cache), false)
#4 C:\xampp\htdocs\TugasBesar\public\index.php(45): CodeIgniter\CodeIgniter->run()
#5 C:\xampp\htdocs\TugasBesar\system\Commands\Server\rewrite.php(34): require_once('C:\\xampp\\htdocs...')
#6 {main}
CRITICAL - 2020-12-18 01:21:14 --> syntax error, unexpected ''Handphone'' (T_CONSTANT_ENCAPSED_STRING), expecting ']'
#0 C:\xampp\htdocs\TugasBesar\system\Router\Router.php(195): CodeIgniter\Router\Router->autoRoute('handphone')
#1 C:\xampp\htdocs\TugasBesar\system\CodeIgniter.php(793): CodeIgniter\Router\Router->handle('handphone')
#2 C:\xampp\htdocs\TugasBesar\system\CodeIgniter.php(364): CodeIgniter\CodeIgniter->tryToRouteIt(Object(CodeIgniter\Router\RouteCollection))
#3 C:\xampp\htdocs\TugasBesar\system\CodeIgniter.php(312): CodeIgniter\CodeIgniter->handleRequest(NULL, Object(Config\Cache), false)
#4 C:\xampp\htdocs\TugasBesar\public\index.php(45): CodeIgniter\CodeIgniter->run()
#5 C:\xampp\htdocs\TugasBesar\system\Commands\Server\rewrite.php(34): require_once('C:\\xampp\\htdocs...')
#6 {main}
CRITICAL - 2020-12-18 01:21:14 --> syntax error, unexpected ''Handphone'' (T_CONSTANT_ENCAPSED_STRING), expecting ']'
#0 C:\xampp\htdocs\TugasBesar\system\Router\Router.php(195): CodeIgniter\Router\Router->autoRoute('handphone')
#1 C:\xampp\htdocs\TugasBesar\system\CodeIgniter.php(793): CodeIgniter\Router\Router->handle('handphone')
#2 C:\xampp\htdocs\TugasBesar\system\CodeIgniter.php(364): CodeIgniter\CodeIgniter->tryToRouteIt(Object(CodeIgniter\Router\RouteCollection))
#3 C:\xampp\htdocs\TugasBesar\system\CodeIgniter.php(312): CodeIgniter\CodeIgniter->handleRequest(NULL, Object(Config\Cache), false)
#4 C:\xampp\htdocs\TugasBesar\public\index.php(45): CodeIgniter\CodeIgniter->run()
#5 C:\xampp\htdocs\TugasBesar\system\Commands\Server\rewrite.php(34): require_once('C:\\xampp\\htdocs...')
#6 {main}
CRITICAL - 2020-12-18 01:21:14 --> syntax error, unexpected ''Handphone'' (T_CONSTANT_ENCAPSED_STRING), expecting ']'
#0 C:\xampp\htdocs\TugasBesar\system\Router\Router.php(195): CodeIgniter\Router\Router->autoRoute('handphone')
#1 C:\xampp\htdocs\TugasBesar\system\CodeIgniter.php(793): CodeIgniter\Router\Router->handle('handphone')
#2 C:\xampp\htdocs\TugasBesar\system\CodeIgniter.php(364): CodeIgniter\CodeIgniter->tryToRouteIt(Object(CodeIgniter\Router\RouteCollection))
#3 C:\xampp\htdocs\TugasBesar\system\CodeIgniter.php(312): CodeIgniter\CodeIgniter->handleRequest(NULL, Object(Config\Cache), false)
#4 C:\xampp\htdocs\TugasBesar\public\index.php(45): CodeIgniter\CodeIgniter->run()
#5 C:\xampp\htdocs\TugasBesar\system\Commands\Server\rewrite.php(34): require_once('C:\\xampp\\htdocs...')
#6 {main}
CRITICAL - 2020-12-18 01:21:15 --> syntax error, unexpected ''Handphone'' (T_CONSTANT_ENCAPSED_STRING), expecting ']'
#0 C:\xampp\htdocs\TugasBesar\system\Router\Router.php(195): CodeIgniter\Router\Router->autoRoute('handphone')
#1 C:\xampp\htdocs\TugasBesar\system\CodeIgniter.php(793): CodeIgniter\Router\Router->handle('handphone')
#2 C:\xampp\htdocs\TugasBesar\system\CodeIgniter.php(364): CodeIgniter\CodeIgniter->tryToRouteIt(Object(CodeIgniter\Router\RouteCollection))
#3 C:\xampp\htdocs\TugasBesar\system\CodeIgniter.php(312): CodeIgniter\CodeIgniter->handleRequest(NULL, Object(Config\Cache), false)
#4 C:\xampp\htdocs\TugasBesar\public\index.php(45): CodeIgniter\CodeIgniter->run()
#5 C:\xampp\htdocs\TugasBesar\system\Commands\Server\rewrite.php(34): require_once('C:\\xampp\\htdocs...')
#6 {main}
CRITICAL - 2020-12-18 01:21:56 --> syntax error, unexpected ''handphone'' (T_CONSTANT_ENCAPSED_STRING), expecting ']'
#0 C:\xampp\htdocs\TugasBesar\system\Router\Router.php(195): CodeIgniter\Router\Router->autoRoute('handphone')
#1 C:\xampp\htdocs\TugasBesar\system\CodeIgniter.php(793): CodeIgniter\Router\Router->handle('handphone')
#2 C:\xampp\htdocs\TugasBesar\system\CodeIgniter.php(364): CodeIgniter\CodeIgniter->tryToRouteIt(Object(CodeIgniter\Router\RouteCollection))
#3 C:\xampp\htdocs\TugasBesar\system\CodeIgniter.php(312): CodeIgniter\CodeIgniter->handleRequest(NULL, Object(Config\Cache), false)
#4 C:\xampp\htdocs\TugasBesar\public\index.php(45): CodeIgniter\CodeIgniter->run()
#5 C:\xampp\htdocs\TugasBesar\system\Commands\Server\rewrite.php(34): require_once('C:\\xampp\\htdocs...')
#6 {main}
CRITICAL - 2020-12-18 01:21:57 --> syntax error, unexpected ''handphone'' (T_CONSTANT_ENCAPSED_STRING), expecting ']'
#0 C:\xampp\htdocs\TugasBesar\system\Router\Router.php(195): CodeIgniter\Router\Router->autoRoute('handphone')
#1 C:\xampp\htdocs\TugasBesar\system\CodeIgniter.php(793): CodeIgniter\Router\Router->handle('handphone')
#2 C:\xampp\htdocs\TugasBesar\system\CodeIgniter.php(364): CodeIgniter\CodeIgniter->tryToRouteIt(Object(CodeIgniter\Router\RouteCollection))
#3 C:\xampp\htdocs\TugasBesar\system\CodeIgniter.php(312): CodeIgniter\CodeIgniter->handleRequest(NULL, Object(Config\Cache), false)
#4 C:\xampp\htdocs\TugasBesar\public\index.php(45): CodeIgniter\CodeIgniter->run()
#5 C:\xampp\htdocs\TugasBesar\system\Commands\Server\rewrite.php(34): require_once('C:\\xampp\\htdocs...')
#6 {main}
CRITICAL - 2020-12-18 01:21:57 --> syntax error, unexpected ''handphone'' (T_CONSTANT_ENCAPSED_STRING), expecting ']'
#0 C:\xampp\htdocs\TugasBesar\system\Router\Router.php(195): CodeIgniter\Router\Router->autoRoute('handphone')
#1 C:\xampp\htdocs\TugasBesar\system\CodeIgniter.php(793): CodeIgniter\Router\Router->handle('handphone')
#2 C:\xampp\htdocs\TugasBesar\system\CodeIgniter.php(364): CodeIgniter\CodeIgniter->tryToRouteIt(Object(CodeIgniter\Router\RouteCollection))
#3 C:\xampp\htdocs\TugasBesar\system\CodeIgniter.php(312): CodeIgniter\CodeIgniter->handleRequest(NULL, Object(Config\Cache), false)
#4 C:\xampp\htdocs\TugasBesar\public\index.php(45): CodeIgniter\CodeIgniter->run()
#5 C:\xampp\htdocs\TugasBesar\system\Commands\Server\rewrite.php(34): require_once('C:\\xampp\\htdocs...')
#6 {main}
CRITICAL - 2020-12-18 01:22:18 --> syntax error, unexpected 'aas' (T_STRING)
#0 C:\xampp\htdocs\TugasBesar\system\Common.php(1119): CodeIgniter\View\View->render('handphone/index', Array, true)
#1 C:\xampp\htdocs\TugasBesar\app\Controllers\Handphone.php(23): view('handphone/index', Array)
#2 C:\xampp\htdocs\TugasBesar\system\CodeIgniter.php(918): App\Controllers\Handphone->index()
#3 C:\xampp\htdocs\TugasBesar\system\CodeIgniter.php(404): CodeIgniter\CodeIgniter->runController(Object(App\Controllers\Handphone))
#4 C:\xampp\htdocs\TugasBesar\system\CodeIgniter.php(312): CodeIgniter\CodeIgniter->handleRequest(NULL, Object(Config\Cache), false)
#5 C:\xampp\htdocs\TugasBesar\public\index.php(45): CodeIgniter\CodeIgniter->run()
#6 C:\xampp\htdocs\TugasBesar\system\Commands\Server\rewrite.php(34): require_once('C:\\xampp\\htdocs...')
#7 {main}
CRITICAL - 2020-12-18 01:22:19 --> syntax error, unexpected 'aas' (T_STRING)
#0 C:\xampp\htdocs\TugasBesar\system\Common.php(1119): CodeIgniter\View\View->render('handphone/index', Array, true)
#1 C:\xampp\htdocs\TugasBesar\app\Controllers\Handphone.php(23): view('handphone/index', Array)
#2 C:\xampp\htdocs\TugasBesar\system\CodeIgniter.php(918): App\Controllers\Handphone->index()
#3 C:\xampp\htdocs\TugasBesar\system\CodeIgniter.php(404): CodeIgniter\CodeIgniter->runController(Object(App\Controllers\Handphone))
#4 C:\xampp\htdocs\TugasBesar\system\CodeIgniter.php(312): CodeIgniter\CodeIgniter->handleRequest(NULL, Object(Config\Cache), false)
#5 C:\xampp\htdocs\TugasBesar\public\index.php(45): CodeIgniter\CodeIgniter->run()
#6 C:\xampp\htdocs\TugasBesar\system\Commands\Server\rewrite.php(34): require_once('C:\\xampp\\htdocs...')
#7 {main}
CRITICAL - 2020-12-18 01:22:34 --> syntax error, unexpected 'endforeach' (T_ENDFOREACH), expecting end of file
#0 C:\xampp\htdocs\TugasBesar\system\Common.php(1119): CodeIgniter\View\View->render('handphone/index', Array, true)
#1 C:\xampp\htdocs\TugasBesar\app\Controllers\Handphone.php(23): view('handphone/index', Array)
#2 C:\xampp\htdocs\TugasBesar\system\CodeIgniter.php(918): App\Controllers\Handphone->index()
#3 C:\xampp\htdocs\TugasBesar\system\CodeIgniter.php(404): CodeIgniter\CodeIgniter->runController(Object(App\Controllers\Handphone))
#4 C:\xampp\htdocs\TugasBesar\system\CodeIgniter.php(312): CodeIgniter\CodeIgniter->handleRequest(NULL, Object(Config\Cache), false)
#5 C:\xampp\htdocs\TugasBesar\public\index.php(45): CodeIgniter\CodeIgniter->run()
#6 C:\xampp\htdocs\TugasBesar\system\Commands\Server\rewrite.php(34): require_once('C:\\xampp\\htdocs...')
#7 {main}
CRITICAL - 2020-12-18 01:23:32 --> Undefined index: foto
#0 C:\xampp\htdocs\TugasBesar\app\Views\handphone\index.php(21): CodeIgniter\Debug\Exceptions->errorHandler(8, 'Undefined index...', 'C:\\xampp\\htdocs...', 21, Array)
#1 C:\xampp\htdocs\TugasBesar\system\View\View.php(246): include('C:\\xampp\\htdocs...')
#2 C:\xampp\htdocs\TugasBesar\system\Common.php(1119): CodeIgniter\View\View->render('handphone/index', Array, true)
#3 C:\xampp\htdocs\TugasBesar\app\Controllers\Handphone.php(23): view('handphone/index', Array)
#4 C:\xampp\htdocs\TugasBesar\system\CodeIgniter.php(918): App\Controllers\Handphone->index()
#5 C:\xampp\htdocs\TugasBesar\system\CodeIgniter.php(404): CodeIgniter\CodeIgniter->runController(Object(App\Controllers\Handphone))
#6 C:\xampp\htdocs\TugasBesar\system\CodeIgniter.php(312): CodeIgniter\CodeIgniter->handleRequest(NULL, Object(Config\Cache), false)
#7 C:\xampp\htdocs\TugasBesar\public\index.php(45): CodeIgniter\CodeIgniter->run()
#8 C:\xampp\htdocs\TugasBesar\system\Commands\Server\rewrite.php(34): require_once('C:\\xampp\\htdocs...')
#9 {main}
CRITICAL - 2020-12-18 01:24:17 --> Undefined index: foto
#0 C:\xampp\htdocs\TugasBesar\app\Views\handphone\index.php(21): CodeIgniter\Debug\Exceptions->errorHandler(8, 'Undefined index...', 'C:\\xampp\\htdocs...', 21, Array)
#1 C:\xampp\htdocs\TugasBesar\system\View\View.php(246): include('C:\\xampp\\htdocs...')
#2 C:\xampp\htdocs\TugasBesar\system\Common.php(1119): CodeIgniter\View\View->render('handphone/index', Array, true)
#3 C:\xampp\htdocs\TugasBesar\app\Controllers\Handphone.php(23): view('handphone/index', Array)
#4 C:\xampp\htdocs\TugasBesar\system\CodeIgniter.php(918): App\Controllers\Handphone->index()
#5 C:\xampp\htdocs\TugasBesar\system\CodeIgniter.php(404): CodeIgniter\CodeIgniter->runController(Object(App\Controllers\Handphone))
#6 C:\xampp\htdocs\TugasBesar\system\CodeIgniter.php(312): CodeIgniter\CodeIgniter->handleRequest(NULL, Object(Config\Cache), false)
#7 C:\xampp\htdocs\TugasBesar\public\index.php(45): CodeIgniter\CodeIgniter->run()
#8 C:\xampp\htdocs\TugasBesar\system\Commands\Server\rewrite.php(34): require_once('C:\\xampp\\htdocs...')
#9 {main}
CRITICAL - 2020-12-18 01:24:18 --> Undefined index: foto
#0 C:\xampp\htdocs\TugasBesar\app\Views\handphone\index.php(21): CodeIgniter\Debug\Exceptions->errorHandler(8, 'Undefined index...', 'C:\\xampp\\htdocs...', 21, Array)
#1 C:\xampp\htdocs\TugasBesar\system\View\View.php(246): include('C:\\xampp\\htdocs...')
#2 C:\xampp\htdocs\TugasBesar\system\Common.php(1119): CodeIgniter\View\View->render('handphone/index', Array, true)
#3 C:\xampp\htdocs\TugasBesar\app\Controllers\Handphone.php(23): view('handphone/index', Array)
#4 C:\xampp\htdocs\TugasBesar\system\CodeIgniter.php(918): App\Controllers\Handphone->index()
#5 C:\xampp\htdocs\TugasBesar\system\CodeIgniter.php(404): CodeIgniter\CodeIgniter->runController(Object(App\Controllers\Handphone))
#6 C:\xampp\htdocs\TugasBesar\system\CodeIgniter.php(312): CodeIgniter\CodeIgniter->handleRequest(NULL, Object(Config\Cache), false)
#7 C:\xampp\htdocs\TugasBesar\public\index.php(45): CodeIgniter\CodeIgniter->run()
#8 C:\xampp\htdocs\TugasBesar\system\Commands\Server\rewrite.php(34): require_once('C:\\xampp\\htdocs...')
#9 {main}
CRITICAL - 2020-12-18 01:24:54 --> Undefined index: foto
#0 C:\xampp\htdocs\TugasBesar\app\Views\handphone\index.php(21): CodeIgniter\Debug\Exceptions->errorHandler(8, 'Undefined index...', 'C:\\xampp\\htdocs...', 21, Array)
#1 C:\xampp\htdocs\TugasBesar\system\View\View.php(246): include('C:\\xampp\\htdocs...')
#2 C:\xampp\htdocs\TugasBesar\system\Common.php(1119): CodeIgniter\View\View->render('handphone/index', Array, true)
#3 C:\xampp\htdocs\TugasBesar\app\Controllers\Handphone.php(23): view('handphone/index', Array)
#4 C:\xampp\htdocs\TugasBesar\system\CodeIgniter.php(918): App\Controllers\Handphone->index()
#5 C:\xampp\htdocs\TugasBesar\system\CodeIgniter.php(404): CodeIgniter\CodeIgniter->runController(Object(App\Controllers\Handphone))
#6 C:\xampp\htdocs\TugasBesar\system\CodeIgniter.php(312): CodeIgniter\CodeIgniter->handleRequest(NULL, Object(Config\Cache), false)
#7 C:\xampp\htdocs\TugasBesar\public\index.php(45): CodeIgniter\CodeIgniter->run()
#8 C:\xampp\htdocs\TugasBesar\system\Commands\Server\rewrite.php(34): require_once('C:\\xampp\\htdocs...')
#9 {main}
CRITICAL - 2020-12-18 01:24:55 --> Undefined index: foto
#0 C:\xampp\htdocs\TugasBesar\app\Views\handphone\index.php(21): CodeIgniter\Debug\Exceptions->errorHandler(8, 'Undefined index...', 'C:\\xampp\\htdocs...', 21, Array)
#1 C:\xampp\htdocs\TugasBesar\system\View\View.php(246): include('C:\\xampp\\htdocs...')
#2 C:\xampp\htdocs\TugasBesar\system\Common.php(1119): CodeIgniter\View\View->render('handphone/index', Array, true)
#3 C:\xampp\htdocs\TugasBesar\app\Controllers\Handphone.php(23): view('handphone/index', Array)
#4 C:\xampp\htdocs\TugasBesar\system\CodeIgniter.php(918): App\Controllers\Handphone->index()
#5 C:\xampp\htdocs\TugasBesar\system\CodeIgniter.php(404): CodeIgniter\CodeIgniter->runController(Object(App\Controllers\Handphone))
#6 C:\xampp\htdocs\TugasBesar\system\CodeIgniter.php(312): CodeIgniter\CodeIgniter->handleRequest(NULL, Object(Config\Cache), false)
#7 C:\xampp\htdocs\TugasBesar\public\index.php(45): CodeIgniter\CodeIgniter->run()
#8 C:\xampp\htdocs\TugasBesar\system\Commands\Server\rewrite.php(34): require_once('C:\\xampp\\htdocs...')
#9 {main}
CRITICAL - 2020-12-18 01:24:55 --> Undefined index: foto
#0 C:\xampp\htdocs\TugasBesar\app\Views\handphone\index.php(21): CodeIgniter\Debug\Exceptions->errorHandler(8, 'Undefined index...', 'C:\\xampp\\htdocs...', 21, Array)
#1 C:\xampp\htdocs\TugasBesar\system\View\View.php(246): include('C:\\xampp\\htdocs...')
#2 C:\xampp\htdocs\TugasBesar\system\Common.php(1119): CodeIgniter\View\View->render('handphone/index', Array, true)
#3 C:\xampp\htdocs\TugasBesar\app\Controllers\Handphone.php(23): view('handphone/index', Array)
#4 C:\xampp\htdocs\TugasBesar\system\CodeIgniter.php(918): App\Controllers\Handphone->index()
#5 C:\xampp\htdocs\TugasBesar\system\CodeIgniter.php(404): CodeIgniter\CodeIgniter->runController(Object(App\Controllers\Handphone))
#6 C:\xampp\htdocs\TugasBesar\system\CodeIgniter.php(312): CodeIgniter\CodeIgniter->handleRequest(NULL, Object(Config\Cache), false)
#7 C:\xampp\htdocs\TugasBesar\public\index.php(45): CodeIgniter\CodeIgniter->run()
#8 C:\xampp\htdocs\TugasBesar\system\Commands\Server\rewrite.php(34): require_once('C:\\xampp\\htdocs...')
#9 {main}
CRITICAL - 2020-12-18 01:24:55 --> Undefined index: foto
#0 C:\xampp\htdocs\TugasBesar\app\Views\handphone\index.php(21): CodeIgniter\Debug\Exceptions->errorHandler(8, 'Undefined index...', 'C:\\xampp\\htdocs...', 21, Array)
#1 C:\xampp\htdocs\TugasBesar\system\View\View.php(246): include('C:\\xampp\\htdocs...')
#2 C:\xampp\htdocs\TugasBesar\system\Common.php(1119): CodeIgniter\View\View->render('handphone/index', Array, true)
#3 C:\xampp\htdocs\TugasBesar\app\Controllers\Handphone.php(23): view('handphone/index', Array)
#4 C:\xampp\htdocs\TugasBesar\system\CodeIgniter.php(918): App\Controllers\Handphone->index()
#5 C:\xampp\htdocs\TugasBesar\system\CodeIgniter.php(404): CodeIgniter\CodeIgniter->runController(Object(App\Controllers\Handphone))
#6 C:\xampp\htdocs\TugasBesar\system\CodeIgniter.php(312): CodeIgniter\CodeIgniter->handleRequest(NULL, Object(Config\Cache), false)
#7 C:\xampp\htdocs\TugasBesar\public\index.php(45): CodeIgniter\CodeIgniter->run()
#8 C:\xampp\htdocs\TugasBesar\system\Commands\Server\rewrite.php(34): require_once('C:\\xampp\\htdocs...')
#9 {main}
CRITICAL - 2020-12-18 01:25:12 --> Undefined index: Foto
#0 C:\xampp\htdocs\TugasBesar\app\Views\handphone\index.php(21): CodeIgniter\Debug\Exceptions->errorHandler(8, 'Undefined index...', 'C:\\xampp\\htdocs...', 21, Array)
#1 C:\xampp\htdocs\TugasBesar\system\View\View.php(246): include('C:\\xampp\\htdocs...')
#2 C:\xampp\htdocs\TugasBesar\system\Common.php(1119): CodeIgniter\View\View->render('handphone/index', Array, true)
#3 C:\xampp\htdocs\TugasBesar\app\Controllers\Handphone.php(23): view('handphone/index', Array)
#4 C:\xampp\htdocs\TugasBesar\system\CodeIgniter.php(918): App\Controllers\Handphone->index()
#5 C:\xampp\htdocs\TugasBesar\system\CodeIgniter.php(404): CodeIgniter\CodeIgniter->runController(Object(App\Controllers\Handphone))
#6 C:\xampp\htdocs\TugasBesar\system\CodeIgniter.php(312): CodeIgniter\CodeIgniter->handleRequest(NULL, Object(Config\Cache), false)
#7 C:\xampp\htdocs\TugasBesar\public\index.php(45): CodeIgniter\CodeIgniter->run()
#8 C:\xampp\htdocs\TugasBesar\system\Commands\Server\rewrite.php(34): require_once('C:\\xampp\\htdocs...')
#9 {main}
CRITICAL - 2020-12-18 01:25:13 --> Undefined index: Foto
#0 C:\xampp\htdocs\TugasBesar\app\Views\handphone\index.php(21): CodeIgniter\Debug\Exceptions->errorHandler(8, 'Undefined index...', 'C:\\xampp\\htdocs...', 21, Array)
#1 C:\xampp\htdocs\TugasBesar\system\View\View.php(246): include('C:\\xampp\\htdocs...')
#2 C:\xampp\htdocs\TugasBesar\system\Common.php(1119): CodeIgniter\View\View->render('handphone/index', Array, true)
#3 C:\xampp\htdocs\TugasBesar\app\Controllers\Handphone.php(23): view('handphone/index', Array)
#4 C:\xampp\htdocs\TugasBesar\system\CodeIgniter.php(918): App\Controllers\Handphone->index()
#5 C:\xampp\htdocs\TugasBesar\system\CodeIgniter.php(404): CodeIgniter\CodeIgniter->runController(Object(App\Controllers\Handphone))
#6 C:\xampp\htdocs\TugasBesar\system\CodeIgniter.php(312): CodeIgniter\CodeIgniter->handleRequest(NULL, Object(Config\Cache), false)
#7 C:\xampp\htdocs\TugasBesar\public\index.php(45): CodeIgniter\CodeIgniter->run()
#8 C:\xampp\htdocs\TugasBesar\system\Commands\Server\rewrite.php(34): require_once('C:\\xampp\\htdocs...')
#9 {main}
CRITICAL - 2020-12-18 01:26:05 --> Undefined index: foto
#0 C:\xampp\htdocs\TugasBesar\app\Views\handphone\index.php(22): CodeIgniter\Debug\Exceptions->errorHandler(8, 'Undefined index...', 'C:\\xampp\\htdocs...', 22, Array)
#1 C:\xampp\htdocs\TugasBesar\system\View\View.php(246): include('C:\\xampp\\htdocs...')
#2 C:\xampp\htdocs\TugasBesar\system\Common.php(1119): CodeIgniter\View\View->render('handphone/index', Array, true)
#3 C:\xampp\htdocs\TugasBesar\app\Controllers\Handphone.php(23): view('handphone/index', Array)
#4 C:\xampp\htdocs\TugasBesar\system\CodeIgniter.php(918): App\Controllers\Handphone->index()
#5 C:\xampp\htdocs\TugasBesar\system\CodeIgniter.php(404): CodeIgniter\CodeIgniter->runController(Object(App\Controllers\Handphone))
#6 C:\xampp\htdocs\TugasBesar\system\CodeIgniter.php(312): CodeIgniter\CodeIgniter->handleRequest(NULL, Object(Config\Cache), false)
#7 C:\xampp\htdocs\TugasBesar\public\index.php(45): CodeIgniter\CodeIgniter->run()
#8 C:\xampp\htdocs\TugasBesar\system\Commands\Server\rewrite.php(34): require_once('C:\\xampp\\htdocs...')
#9 {main}
