CRITICAL - 2020-12-23 01:35:56 --> Unable to connect to the database.
#0 C:\xampp\htdocs\TugasBesar\system\Database\BaseConnection.php(646): CodeIgniter\Database\BaseConnection->initialize()
#1 C:\xampp\htdocs\TugasBesar\system\Database\BaseBuilder.php(1860): CodeIgniter\Database\BaseConnection->query('SELECT *\nFROM `...', Array, false)
#2 C:\xampp\htdocs\TugasBesar\system\Model.php(462): CodeIgniter\Database\BaseBuilder->get()
#3 C:\xampp\htdocs\TugasBesar\app\Models\HandphoneModel.php(13): CodeIgniter\Model->findAll()
#4 C:\xampp\htdocs\TugasBesar\app\Controllers\Handphone.php(18): App\Models\HandphoneModel->getHandphone()
#5 C:\xampp\htdocs\TugasBesar\system\CodeIgniter.php(918): App\Controllers\Handphone->index()
#6 C:\xampp\htdocs\TugasBesar\system\CodeIgniter.php(404): CodeIgniter\CodeIgniter->runController(Object(App\Controllers\Handphone))
#7 C:\xampp\htdocs\TugasBesar\system\CodeIgniter.php(312): CodeIgniter\CodeIgniter->handleRequest(NULL, Object(Config\Cache), false)
#8 C:\xampp\htdocs\TugasBesar\public\index.php(45): CodeIgniter\CodeIgniter->run()
#9 C:\xampp\htdocs\TugasBesar\system\Commands\Server\rewrite.php(34): require_once('C:\\xampp\\htdocs...')
#10 {main}
CRITICAL - 2020-12-23 01:35:56 --> Uncaught ErrorException: print_r(): Property access is not allowed yet in C:\xampp\htdocs\TugasBesar\app\Views\errors\html\error_exception.php:100
Stack trace:
#0 [internal function]: CodeIgniter\Debug\Exceptions->errorHandler(2, 'print_r(): Prop...', 'C:\\xampp\\htdocs...', 100, Array)
#1 C:\xampp\htdocs\TugasBesar\app\Views\errors\html\error_exception.php(100): print_r(Object(App\Controllers\Handphone), true)
#2 C:\xampp\htdocs\TugasBesar\system\Debug\Exceptions.php(308): include('C:\\xampp\\htdocs...')
#3 C:\xampp\htdocs\TugasBesar\system\Debug\Exceptions.php(174): CodeIgniter\Debug\Exceptions->render(Object(CodeIgniter\Database\Exceptions\DatabaseException), 500)
#4 [internal function]: CodeIgniter\Debug\Exceptions->exceptionHandler(Object(CodeIgniter\Database\Exceptions\DatabaseException))
#5 {main}
  thrown
#0 [internal function]: CodeIgniter\Debug\Exceptions->shutdownHandler()
#1 {main}
CRITICAL - 2020-12-23 01:36:01 --> Unable to connect to the database.
#0 C:\xampp\htdocs\TugasBesar\system\Database\BaseConnection.php(646): CodeIgniter\Database\BaseConnection->initialize()
#1 C:\xampp\htdocs\TugasBesar\system\Database\BaseBuilder.php(1860): CodeIgniter\Database\BaseConnection->query('SELECT *\nFROM `...', Array, false)
#2 C:\xampp\htdocs\TugasBesar\system\Model.php(462): CodeIgniter\Database\BaseBuilder->get()
#3 C:\xampp\htdocs\TugasBesar\app\Models\HandphoneModel.php(13): CodeIgniter\Model->findAll()
#4 C:\xampp\htdocs\TugasBesar\app\Controllers\Handphone.php(18): App\Models\HandphoneModel->getHandphone()
#5 C:\xampp\htdocs\TugasBesar\system\CodeIgniter.php(918): App\Controllers\Handphone->index()
#6 C:\xampp\htdocs\TugasBesar\system\CodeIgniter.php(404): CodeIgniter\CodeIgniter->runController(Object(App\Controllers\Handphone))
#7 C:\xampp\htdocs\TugasBesar\system\CodeIgniter.php(312): CodeIgniter\CodeIgniter->handleRequest(NULL, Object(Config\Cache), false)
#8 C:\xampp\htdocs\TugasBesar\public\index.php(45): CodeIgniter\CodeIgniter->run()
#9 C:\xampp\htdocs\TugasBesar\system\Commands\Server\rewrite.php(34): require_once('C:\\xampp\\htdocs...')
#10 {main}
CRITICAL - 2020-12-23 01:36:01 --> Uncaught ErrorException: print_r(): Property access is not allowed yet in C:\xampp\htdocs\TugasBesar\app\Views\errors\html\error_exception.php:100
Stack trace:
#0 [internal function]: CodeIgniter\Debug\Exceptions->errorHandler(2, 'print_r(): Prop...', 'C:\\xampp\\htdocs...', 100, Array)
#1 C:\xampp\htdocs\TugasBesar\app\Views\errors\html\error_exception.php(100): print_r(Object(App\Controllers\Handphone), true)
#2 C:\xampp\htdocs\TugasBesar\system\Debug\Exceptions.php(308): include('C:\\xampp\\htdocs...')
#3 C:\xampp\htdocs\TugasBesar\system\Debug\Exceptions.php(174): CodeIgniter\Debug\Exceptions->render(Object(CodeIgniter\Database\Exceptions\DatabaseException), 500)
#4 [internal function]: CodeIgniter\Debug\Exceptions->exceptionHandler(Object(CodeIgniter\Database\Exceptions\DatabaseException))
#5 {main}
  thrown
#0 [internal function]: CodeIgniter\Debug\Exceptions->shutdownHandler()
#1 {main}
CRITICAL - 2020-12-23 02:22:54 --> Undefined variable: handphone
#0 C:\xampp\htdocs\TugasBesar\app\Views\pages\home.php(133): CodeIgniter\Debug\Exceptions->errorHandler(8, 'Undefined varia...', 'C:\\xampp\\htdocs...', 133, Array)
#1 C:\xampp\htdocs\TugasBesar\system\View\View.php(246): include('C:\\xampp\\htdocs...')
#2 C:\xampp\htdocs\TugasBesar\system\Common.php(1119): CodeIgniter\View\View->render('pages/home', Array, true)
#3 C:\xampp\htdocs\TugasBesar\app\Controllers\Pages.php(10): view('pages/home', Array)
#4 C:\xampp\htdocs\TugasBesar\system\CodeIgniter.php(918): App\Controllers\Pages->index()
#5 C:\xampp\htdocs\TugasBesar\system\CodeIgniter.php(404): CodeIgniter\CodeIgniter->runController(Object(App\Controllers\Pages))
#6 C:\xampp\htdocs\TugasBesar\system\CodeIgniter.php(312): CodeIgniter\CodeIgniter->handleRequest(NULL, Object(Config\Cache), false)
#7 C:\xampp\htdocs\TugasBesar\public\index.php(45): CodeIgniter\CodeIgniter->run()
#8 C:\xampp\htdocs\TugasBesar\system\Commands\Server\rewrite.php(34): require_once('C:\\xampp\\htdocs...')
#9 {main}
CRITICAL - 2020-12-23 02:23:23 --> Undefined variable: handphone
#0 C:\xampp\htdocs\TugasBesar\app\Views\pages\home.php(133): CodeIgniter\Debug\Exceptions->errorHandler(8, 'Undefined varia...', 'C:\\xampp\\htdocs...', 133, Array)
#1 C:\xampp\htdocs\TugasBesar\system\View\View.php(246): include('C:\\xampp\\htdocs...')
#2 C:\xampp\htdocs\TugasBesar\system\Common.php(1119): CodeIgniter\View\View->render('pages/home', Array, true)
#3 C:\xampp\htdocs\TugasBesar\app\Controllers\Pages.php(10): view('pages/home', Array)
#4 C:\xampp\htdocs\TugasBesar\system\CodeIgniter.php(918): App\Controllers\Pages->index()
#5 C:\xampp\htdocs\TugasBesar\system\CodeIgniter.php(404): CodeIgniter\CodeIgniter->runController(Object(App\Controllers\Pages))
#6 C:\xampp\htdocs\TugasBesar\system\CodeIgniter.php(312): CodeIgniter\CodeIgniter->handleRequest(NULL, Object(Config\Cache), false)
#7 C:\xampp\htdocs\TugasBesar\public\index.php(45): CodeIgniter\CodeIgniter->run()
#8 C:\xampp\htdocs\TugasBesar\system\Commands\Server\rewrite.php(34): require_once('C:\\xampp\\htdocs...')
#9 {main}
CRITICAL - 2020-12-23 02:23:43 --> Undefined variable: handphone
#0 C:\xampp\htdocs\TugasBesar\app\Views\pages\home.php(133): CodeIgniter\Debug\Exceptions->errorHandler(8, 'Undefined varia...', 'C:\\xampp\\htdocs...', 133, Array)
#1 C:\xampp\htdocs\TugasBesar\system\View\View.php(246): include('C:\\xampp\\htdocs...')
#2 C:\xampp\htdocs\TugasBesar\system\Common.php(1119): CodeIgniter\View\View->render('pages/home', Array, true)
#3 C:\xampp\htdocs\TugasBesar\app\Controllers\Pages.php(10): view('pages/home', Array)
#4 C:\xampp\htdocs\TugasBesar\system\CodeIgniter.php(918): App\Controllers\Pages->index()
#5 C:\xampp\htdocs\TugasBesar\system\CodeIgniter.php(404): CodeIgniter\CodeIgniter->runController(Object(App\Controllers\Pages))
#6 C:\xampp\htdocs\TugasBesar\system\CodeIgniter.php(312): CodeIgniter\CodeIgniter->handleRequest(NULL, Object(Config\Cache), false)
#7 C:\xampp\htdocs\TugasBesar\public\index.php(45): CodeIgniter\CodeIgniter->run()
#8 C:\xampp\htdocs\TugasBesar\system\Commands\Server\rewrite.php(34): require_once('C:\\xampp\\htdocs...')
#9 {main}
CRITICAL - 2020-12-23 02:24:24 --> Undefined variable: handphone
#0 C:\xampp\htdocs\TugasBesar\app\Views\pages\home.php(128): CodeIgniter\Debug\Exceptions->errorHandler(8, 'Undefined varia...', 'C:\\xampp\\htdocs...', 128, Array)
#1 C:\xampp\htdocs\TugasBesar\system\View\View.php(246): include('C:\\xampp\\htdocs...')
#2 C:\xampp\htdocs\TugasBesar\system\Common.php(1119): CodeIgniter\View\View->render('pages/home', Array, true)
#3 C:\xampp\htdocs\TugasBesar\app\Controllers\Pages.php(10): view('pages/home', Array)
#4 C:\xampp\htdocs\TugasBesar\system\CodeIgniter.php(918): App\Controllers\Pages->index()
#5 C:\xampp\htdocs\TugasBesar\system\CodeIgniter.php(404): CodeIgniter\CodeIgniter->runController(Object(App\Controllers\Pages))
#6 C:\xampp\htdocs\TugasBesar\system\CodeIgniter.php(312): CodeIgniter\CodeIgniter->handleRequest(NULL, Object(Config\Cache), false)
#7 C:\xampp\htdocs\TugasBesar\public\index.php(45): CodeIgniter\CodeIgniter->run()
#8 C:\xampp\htdocs\TugasBesar\system\Commands\Server\rewrite.php(34): require_once('C:\\xampp\\htdocs...')
#9 {main}
CRITICAL - 2020-12-23 02:24:41 --> Undefined variable: handphone
#0 C:\xampp\htdocs\TugasBesar\app\Views\pages\home.php(128): CodeIgniter\Debug\Exceptions->errorHandler(8, 'Undefined varia...', 'C:\\xampp\\htdocs...', 128, Array)
#1 C:\xampp\htdocs\TugasBesar\system\View\View.php(246): include('C:\\xampp\\htdocs...')
#2 C:\xampp\htdocs\TugasBesar\system\Common.php(1119): CodeIgniter\View\View->render('pages/home', Array, true)
#3 C:\xampp\htdocs\TugasBesar\app\Controllers\Pages.php(10): view('pages/home', Array)
#4 C:\xampp\htdocs\TugasBesar\system\CodeIgniter.php(918): App\Controllers\Pages->index()
#5 C:\xampp\htdocs\TugasBesar\system\CodeIgniter.php(404): CodeIgniter\CodeIgniter->runController(Object(App\Controllers\Pages))
#6 C:\xampp\htdocs\TugasBesar\system\CodeIgniter.php(312): CodeIgniter\CodeIgniter->handleRequest(NULL, Object(Config\Cache), false)
#7 C:\xampp\htdocs\TugasBesar\public\index.php(45): CodeIgniter\CodeIgniter->run()
#8 C:\xampp\htdocs\TugasBesar\system\Commands\Server\rewrite.php(34): require_once('C:\\xampp\\htdocs...')
#9 {main}
CRITICAL - 2020-12-23 02:25:33 --> Undefined variable: handphone
#0 C:\xampp\htdocs\TugasBesar\app\Views\pages\home.php(126): CodeIgniter\Debug\Exceptions->errorHandler(8, 'Undefined varia...', 'C:\\xampp\\htdocs...', 126, Array)
#1 C:\xampp\htdocs\TugasBesar\system\View\View.php(246): include('C:\\xampp\\htdocs...')
#2 C:\xampp\htdocs\TugasBesar\system\Common.php(1119): CodeIgniter\View\View->render('pages/home', Array, true)
#3 C:\xampp\htdocs\TugasBesar\app\Controllers\Pages.php(10): view('pages/home', Array)
#4 C:\xampp\htdocs\TugasBesar\system\CodeIgniter.php(918): App\Controllers\Pages->index()
#5 C:\xampp\htdocs\TugasBesar\system\CodeIgniter.php(404): CodeIgniter\CodeIgniter->runController(Object(App\Controllers\Pages))
#6 C:\xampp\htdocs\TugasBesar\system\CodeIgniter.php(312): CodeIgniter\CodeIgniter->handleRequest(NULL, Object(Config\Cache), false)
#7 C:\xampp\htdocs\TugasBesar\public\index.php(45): CodeIgniter\CodeIgniter->run()
#8 C:\xampp\htdocs\TugasBesar\system\Commands\Server\rewrite.php(34): require_once('C:\\xampp\\htdocs...')
#9 {main}
CRITICAL - 2020-12-23 02:25:34 --> Undefined variable: handphone
#0 C:\xampp\htdocs\TugasBesar\app\Views\pages\home.php(126): CodeIgniter\Debug\Exceptions->errorHandler(8, 'Undefined varia...', 'C:\\xampp\\htdocs...', 126, Array)
#1 C:\xampp\htdocs\TugasBesar\system\View\View.php(246): include('C:\\xampp\\htdocs...')
#2 C:\xampp\htdocs\TugasBesar\system\Common.php(1119): CodeIgniter\View\View->render('pages/home', Array, true)
#3 C:\xampp\htdocs\TugasBesar\app\Controllers\Pages.php(10): view('pages/home', Array)
#4 C:\xampp\htdocs\TugasBesar\system\CodeIgniter.php(918): App\Controllers\Pages->index()
#5 C:\xampp\htdocs\TugasBesar\system\CodeIgniter.php(404): CodeIgniter\CodeIgniter->runController(Object(App\Controllers\Pages))
#6 C:\xampp\htdocs\TugasBesar\system\CodeIgniter.php(312): CodeIgniter\CodeIgniter->handleRequest(NULL, Object(Config\Cache), false)
#7 C:\xampp\htdocs\TugasBesar\public\index.php(45): CodeIgniter\CodeIgniter->run()
#8 C:\xampp\htdocs\TugasBesar\system\Commands\Server\rewrite.php(34): require_once('C:\\xampp\\htdocs...')
#9 {main}
CRITICAL - 2020-12-23 02:25:44 --> Undefined variable: handphone
#0 C:\xampp\htdocs\TugasBesar\app\Views\pages\home.php(126): CodeIgniter\Debug\Exceptions->errorHandler(8, 'Undefined varia...', 'C:\\xampp\\htdocs...', 126, Array)
#1 C:\xampp\htdocs\TugasBesar\system\View\View.php(246): include('C:\\xampp\\htdocs...')
#2 C:\xampp\htdocs\TugasBesar\system\Common.php(1119): CodeIgniter\View\View->render('pages/home', Array, true)
#3 C:\xampp\htdocs\TugasBesar\app\Controllers\Pages.php(10): view('pages/home', Array)
#4 C:\xampp\htdocs\TugasBesar\system\CodeIgniter.php(918): App\Controllers\Pages->index()
#5 C:\xampp\htdocs\TugasBesar\system\CodeIgniter.php(404): CodeIgniter\CodeIgniter->runController(Object(App\Controllers\Pages))
#6 C:\xampp\htdocs\TugasBesar\system\CodeIgniter.php(312): CodeIgniter\CodeIgniter->handleRequest(NULL, Object(Config\Cache), false)
#7 C:\xampp\htdocs\TugasBesar\public\index.php(45): CodeIgniter\CodeIgniter->run()
#8 C:\xampp\htdocs\TugasBesar\system\Commands\Server\rewrite.php(34): require_once('C:\\xampp\\htdocs...')
#9 {main}
CRITICAL - 2020-12-23 02:35:29 --> Undefined variable: h
#0 C:\xampp\htdocs\TugasBesar\app\Views\pages\home.php(126): CodeIgniter\Debug\Exceptions->errorHandler(8, 'Undefined varia...', 'C:\\xampp\\htdocs...', 126, Array)
#1 C:\xampp\htdocs\TugasBesar\system\View\View.php(246): include('C:\\xampp\\htdocs...')
#2 C:\xampp\htdocs\TugasBesar\system\Common.php(1119): CodeIgniter\View\View->render('pages/home', Array, true)
#3 C:\xampp\htdocs\TugasBesar\app\Controllers\Pages.php(10): view('pages/home', Array)
#4 C:\xampp\htdocs\TugasBesar\system\CodeIgniter.php(918): App\Controllers\Pages->index()
#5 C:\xampp\htdocs\TugasBesar\system\CodeIgniter.php(404): CodeIgniter\CodeIgniter->runController(Object(App\Controllers\Pages))
#6 C:\xampp\htdocs\TugasBesar\system\CodeIgniter.php(312): CodeIgniter\CodeIgniter->handleRequest(NULL, Object(Config\Cache), false)
#7 C:\xampp\htdocs\TugasBesar\public\index.php(45): CodeIgniter\CodeIgniter->run()
#8 C:\xampp\htdocs\TugasBesar\system\Commands\Server\rewrite.php(34): require_once('C:\\xampp\\htdocs...')
#9 {main}
CRITICAL - 2020-12-23 02:35:41 --> Undefined variable: h
#0 C:\xampp\htdocs\TugasBesar\app\Views\pages\home.php(125): CodeIgniter\Debug\Exceptions->errorHandler(8, 'Undefined varia...', 'C:\\xampp\\htdocs...', 125, Array)
#1 C:\xampp\htdocs\TugasBesar\system\View\View.php(246): include('C:\\xampp\\htdocs...')
#2 C:\xampp\htdocs\TugasBesar\system\Common.php(1119): CodeIgniter\View\View->render('pages/home', Array, true)
#3 C:\xampp\htdocs\TugasBesar\app\Controllers\Pages.php(10): view('pages/home', Array)
#4 C:\xampp\htdocs\TugasBesar\system\CodeIgniter.php(918): App\Controllers\Pages->index()
#5 C:\xampp\htdocs\TugasBesar\system\CodeIgniter.php(404): CodeIgniter\CodeIgniter->runController(Object(App\Controllers\Pages))
#6 C:\xampp\htdocs\TugasBesar\system\CodeIgniter.php(312): CodeIgniter\CodeIgniter->handleRequest(NULL, Object(Config\Cache), false)
#7 C:\xampp\htdocs\TugasBesar\public\index.php(45): CodeIgniter\CodeIgniter->run()
#8 C:\xampp\htdocs\TugasBesar\system\Commands\Server\rewrite.php(34): require_once('C:\\xampp\\htdocs...')
#9 {main}
CRITICAL - 2020-12-23 06:35:17 --> unlink(img/1608552063_568d704b1ce3d5ad9add.jpg): No such file or directory
#0 [internal function]: CodeIgniter\Debug\Exceptions->errorHandler(2, 'unlink(img/1608...', 'C:\\xampp\\htdocs...', 171, Array)
#1 C:\xampp\htdocs\TugasBesar\app\Controllers\Handphone.php(171): unlink('img/1608552063_...')
#2 C:\xampp\htdocs\TugasBesar\system\CodeIgniter.php(918): App\Controllers\Handphone->update('9')
#3 C:\xampp\htdocs\TugasBesar\system\CodeIgniter.php(404): CodeIgniter\CodeIgniter->runController(Object(App\Controllers\Handphone))
#4 C:\xampp\htdocs\TugasBesar\system\CodeIgniter.php(312): CodeIgniter\CodeIgniter->handleRequest(NULL, Object(Config\Cache), false)
#5 C:\xampp\htdocs\TugasBesar\public\index.php(45): CodeIgniter\CodeIgniter->run()
#6 C:\xampp\htdocs\TugasBesar\system\Commands\Server\rewrite.php(34): require_once('C:\\xampp\\htdocs...')
#7 {main}
CRITICAL - 2020-12-23 06:35:27 --> unlink(img/1608552063_568d704b1ce3d5ad9add.jpg): No such file or directory
#0 [internal function]: CodeIgniter\Debug\Exceptions->errorHandler(2, 'unlink(img/1608...', 'C:\\xampp\\htdocs...', 171, Array)
#1 C:\xampp\htdocs\TugasBesar\app\Controllers\Handphone.php(171): unlink('img/1608552063_...')
#2 C:\xampp\htdocs\TugasBesar\system\CodeIgniter.php(918): App\Controllers\Handphone->update('9')
#3 C:\xampp\htdocs\TugasBesar\system\CodeIgniter.php(404): CodeIgniter\CodeIgniter->runController(Object(App\Controllers\Handphone))
#4 C:\xampp\htdocs\TugasBesar\system\CodeIgniter.php(312): CodeIgniter\CodeIgniter->handleRequest(NULL, Object(Config\Cache), false)
#5 C:\xampp\htdocs\TugasBesar\public\index.php(45): CodeIgniter\CodeIgniter->run()
#6 C:\xampp\htdocs\TugasBesar\system\Commands\Server\rewrite.php(34): require_once('C:\\xampp\\htdocs...')
#7 {main}
CRITICAL - 2020-12-23 06:35:35 --> unlink(img/1608552063_568d704b1ce3d5ad9add.jpg): No such file or directory
#0 [internal function]: CodeIgniter\Debug\Exceptions->errorHandler(2, 'unlink(img/1608...', 'C:\\xampp\\htdocs...', 112, Array)
#1 C:\xampp\htdocs\TugasBesar\app\Controllers\Handphone.php(112): unlink('img/1608552063_...')
#2 C:\xampp\htdocs\TugasBesar\system\CodeIgniter.php(918): App\Controllers\Handphone->delete('9')
#3 C:\xampp\htdocs\TugasBesar\system\CodeIgniter.php(404): CodeIgniter\CodeIgniter->runController(Object(App\Controllers\Handphone))
#4 C:\xampp\htdocs\TugasBesar\system\CodeIgniter.php(312): CodeIgniter\CodeIgniter->handleRequest(NULL, Object(Config\Cache), false)
#5 C:\xampp\htdocs\TugasBesar\public\index.php(45): CodeIgniter\CodeIgniter->run()
#6 C:\xampp\htdocs\TugasBesar\system\Commands\Server\rewrite.php(34): require_once('C:\\xampp\\htdocs...')
#7 {main}
CRITICAL - 2020-12-23 06:35:44 --> unlink(img/1608552063_568d704b1ce3d5ad9add.jpg): No such file or directory
#0 [internal function]: CodeIgniter\Debug\Exceptions->errorHandler(2, 'unlink(img/1608...', 'C:\\xampp\\htdocs...', 112, Array)
#1 C:\xampp\htdocs\TugasBesar\app\Controllers\Handphone.php(112): unlink('img/1608552063_...')
#2 C:\xampp\htdocs\TugasBesar\system\CodeIgniter.php(918): App\Controllers\Handphone->delete('9')
#3 C:\xampp\htdocs\TugasBesar\system\CodeIgniter.php(404): CodeIgniter\CodeIgniter->runController(Object(App\Controllers\Handphone))
#4 C:\xampp\htdocs\TugasBesar\system\CodeIgniter.php(312): CodeIgniter\CodeIgniter->handleRequest(NULL, Object(Config\Cache), false)
#5 C:\xampp\htdocs\TugasBesar\public\index.php(45): CodeIgniter\CodeIgniter->run()
#6 C:\xampp\htdocs\TugasBesar\system\Commands\Server\rewrite.php(34): require_once('C:\\xampp\\htdocs...')
#7 {main}
CRITICAL - 2020-12-23 06:36:06 --> unlink(img/1608552063_568d704b1ce3d5ad9add.jpg): No such file or directory
#0 [internal function]: CodeIgniter\Debug\Exceptions->errorHandler(2, 'unlink(img/1608...', 'C:\\xampp\\htdocs...', 112, Array)
#1 C:\xampp\htdocs\TugasBesar\app\Controllers\Handphone.php(112): unlink('img/1608552063_...')
#2 C:\xampp\htdocs\TugasBesar\system\CodeIgniter.php(918): App\Controllers\Handphone->delete('9')
#3 C:\xampp\htdocs\TugasBesar\system\CodeIgniter.php(404): CodeIgniter\CodeIgniter->runController(Object(App\Controllers\Handphone))
#4 C:\xampp\htdocs\TugasBesar\system\CodeIgniter.php(312): CodeIgniter\CodeIgniter->handleRequest(NULL, Object(Config\Cache), false)
#5 C:\xampp\htdocs\TugasBesar\public\index.php(45): CodeIgniter\CodeIgniter->run()
#6 C:\xampp\htdocs\TugasBesar\system\Commands\Server\rewrite.php(34): require_once('C:\\xampp\\htdocs...')
#7 {main}
CRITICAL - 2020-12-23 06:36:24 --> unlink(img/1608552063_568d704b1ce3d5ad9add.jpg): No such file or directory
#0 [internal function]: CodeIgniter\Debug\Exceptions->errorHandler(2, 'unlink(img/1608...', 'C:\\xampp\\htdocs...', 112, Array)
#1 C:\xampp\htdocs\TugasBesar\app\Controllers\Handphone.php(112): unlink('img/1608552063_...')
#2 C:\xampp\htdocs\TugasBesar\system\CodeIgniter.php(918): App\Controllers\Handphone->delete('9')
#3 C:\xampp\htdocs\TugasBesar\system\CodeIgniter.php(404): CodeIgniter\CodeIgniter->runController(Object(App\Controllers\Handphone))
#4 C:\xampp\htdocs\TugasBesar\system\CodeIgniter.php(312): CodeIgniter\CodeIgniter->handleRequest(NULL, Object(Config\Cache), false)
#5 C:\xampp\htdocs\TugasBesar\public\index.php(45): CodeIgniter\CodeIgniter->run()
#6 C:\xampp\htdocs\TugasBesar\system\Commands\Server\rewrite.php(34): require_once('C:\\xampp\\htdocs...')
#7 {main}
CRITICAL - 2020-12-23 06:37:24 --> unlink(img/): Permission denied
#0 [internal function]: CodeIgniter\Debug\Exceptions->errorHandler(2, 'unlink(img/): P...', 'C:\\xampp\\htdocs...', 112, Array)
#1 C:\xampp\htdocs\TugasBesar\app\Controllers\Handphone.php(112): unlink('img/')
#2 C:\xampp\htdocs\TugasBesar\system\CodeIgniter.php(918): App\Controllers\Handphone->delete('9')
#3 C:\xampp\htdocs\TugasBesar\system\CodeIgniter.php(404): CodeIgniter\CodeIgniter->runController(Object(App\Controllers\Handphone))
#4 C:\xampp\htdocs\TugasBesar\system\CodeIgniter.php(312): CodeIgniter\CodeIgniter->handleRequest(NULL, Object(Config\Cache), false)
#5 C:\xampp\htdocs\TugasBesar\public\index.php(45): CodeIgniter\CodeIgniter->run()
#6 C:\xampp\htdocs\TugasBesar\system\Commands\Server\rewrite.php(34): require_once('C:\\xampp\\htdocs...')
#7 {main}
CRITICAL - 2020-12-23 06:55:42 --> Invalid file: /admin.php
#0 C:\xampp\htdocs\TugasBesar\system\View\View.php(228): CodeIgniter\Exceptions\FrameworkException::forInvalidFile('/admin.php')
#1 C:\xampp\htdocs\TugasBesar\system\Common.php(1119): CodeIgniter\View\View->render('/admin', Array, true)
#2 C:\xampp\htdocs\TugasBesar\app\Controllers\Admin.php(11): view('/admin')
#3 C:\xampp\htdocs\TugasBesar\system\CodeIgniter.php(918): App\Controllers\Admin->index()
#4 C:\xampp\htdocs\TugasBesar\system\CodeIgniter.php(404): CodeIgniter\CodeIgniter->runController(Object(App\Controllers\Admin))
#5 C:\xampp\htdocs\TugasBesar\system\CodeIgniter.php(312): CodeIgniter\CodeIgniter->handleRequest(NULL, Object(Config\Cache), false)
#6 C:\xampp\htdocs\TugasBesar\public\index.php(45): CodeIgniter\CodeIgniter->run()
#7 C:\xampp\htdocs\TugasBesar\system\Commands\Server\rewrite.php(34): require_once('C:\\xampp\\htdocs...')
#8 {main}
CRITICAL - 2020-12-23 07:15:53 --> Invalid file: /admin.php
#0 C:\xampp\htdocs\TugasBesar\system\View\View.php(228): CodeIgniter\Exceptions\FrameworkException::forInvalidFile('/admin.php')
#1 C:\xampp\htdocs\TugasBesar\system\Common.php(1119): CodeIgniter\View\View->render('/admin', Array, true)
#2 C:\xampp\htdocs\TugasBesar\app\Controllers\Admin.php(11): view('/admin')
#3 C:\xampp\htdocs\TugasBesar\system\CodeIgniter.php(918): App\Controllers\Admin->index()
#4 C:\xampp\htdocs\TugasBesar\system\CodeIgniter.php(404): CodeIgniter\CodeIgniter->runController(Object(App\Controllers\Admin))
#5 C:\xampp\htdocs\TugasBesar\system\CodeIgniter.php(312): CodeIgniter\CodeIgniter->handleRequest(NULL, Object(Config\Cache), false)
#6 C:\xampp\htdocs\TugasBesar\public\index.php(45): CodeIgniter\CodeIgniter->run()
#7 C:\xampp\htdocs\TugasBesar\system\Commands\Server\rewrite.php(34): require_once('C:\\xampp\\htdocs...')
#8 {main}
